<?xml version="1.0" encoding="UTF-8"?>
<robot generator="Robot 4.1.3 (Python 3.10.2 on win32)" generated="20220316 16:21:45.769" rpa="false" schemaversion="2">
<suite id="s1" name="Demo11 Selenium Suite" source="E:\LTS\robot_project\selenium_suite\demo11_selenium_suite.robot">
<test id="s1-t1" name="TC1">
<kw name="Open Browser" library="SeleniumLibrary">
<arg>browser=chrome</arg>
<arg>executable_path=${EXECDIR}${/}driver${/}chromedriver.exe</arg>
<doc>Opens a new browser instance to the optional ``url``.</doc>
<msg timestamp="20220316 16:21:47.269" level="INFO">Opening browser 'chrome' to base url 'None'.</msg>
<msg timestamp="20220316 16:22:55.332" level="INFO">Cannot capture screenshot because no browser is open.</msg>
<msg timestamp="20220316 16:22:55.820" level="FAIL">WebDriverException: Message: unknown error: DevToolsActivePort file doesn't exist
Stacktrace:
Backtrace:
	Ordinal0 [0x00AC9943+2595139]
	Ordinal0 [0x00A5C9F1+2148849]
	Ordinal0 [0x00954528+1066280]
	Ordinal0 [0x009736B2+1193650]
	Ordinal0 [0x0096FC59+1178713]
	Ordinal0 [0x0096D6F1+1169137]
	Ordinal0 [0x009A0530+1377584]
	Ordinal0 [0x009A018A+1376650]
	Ordinal0 [0x0099B806+1357830]
	Ordinal0 [0x00976086+1204358]
	Ordinal0 [0x00976F96+1208214]
	GetHandleVerifier [0x00C6B232+1658114]
	GetHandleVerifier [0x00D2312C+2411516]
	GetHandleVerifier [0x00B5F261+560433]
	GetHandleVerifier [0x00B5E366+556598]
	Ordinal0 [0x00A6286B+2173035]
	Ordinal0 [0x00A675F8+2192888]
	Ordinal0 [0x00A676E5+2193125]
	Ordinal0 [0x00A711FC+2232828]
	BaseThreadInitThunk [0x765EFA29+25]
	RtlGetAppContainerNamedObjectPath [0x77647A7E+286]
	RtlGetAppContainerNamedObjectPath [0x77647A4E+238]
</msg>
<status status="FAIL" starttime="20220316 16:21:47.268" endtime="20220316 16:22:55.820"/>
</kw>
<kw name="Maximize Browser Window" library="SeleniumLibrary">
<doc>Maximizes current browser window.</doc>
<status status="NOT RUN" starttime="20220316 16:22:55.823" endtime="20220316 16:22:55.823"/>
</kw>
<kw name="Set Selenium Implicit Wait" library="SeleniumLibrary">
<arg>20s</arg>
<doc>Sets the implicit wait value used by Selenium.</doc>
<status status="NOT RUN" starttime="20220316 16:22:55.824" endtime="20220316 16:22:55.825"/>
</kw>
<kw name="Set Selenium Speed" library="SeleniumLibrary">
<arg>1s</arg>
<doc>Sets the delay that is waited after each Selenium command.</doc>
<status status="NOT RUN" starttime="20220316 16:22:55.827" endtime="20220316 16:22:55.827"/>
</kw>
<kw name="Go To" library="SeleniumLibrary">
<arg>url=https://www.google.com/</arg>
<doc>Navigates the current browser window to the provided ``url``.</doc>
<status status="NOT RUN" starttime="20220316 16:22:55.828" endtime="20220316 16:22:55.829"/>
</kw>
<kw name="Get Title" library="SeleniumLibrary">
<var>${title}</var>
<doc>Returns the title of the current page.</doc>
<status status="NOT RUN" starttime="20220316 16:22:55.830" endtime="20220316 16:22:55.830"/>
</kw>
<kw name="Log To Console" library="BuiltIn">
<arg>${title}</arg>
<doc>Logs the given message to the console.</doc>
<status status="NOT RUN" starttime="20220316 16:22:55.831" endtime="20220316 16:22:55.831"/>
</kw>
<kw name="Get Location" library="SeleniumLibrary">
<var>${url}</var>
<doc>Returns the current browser window URL.</doc>
<status status="NOT RUN" starttime="20220316 16:22:55.832" endtime="20220316 16:22:55.832"/>
</kw>
<kw name="Log To Console" library="BuiltIn">
<arg>${url}</arg>
<doc>Logs the given message to the console.</doc>
<status status="NOT RUN" starttime="20220316 16:22:55.833" endtime="20220316 16:22:55.834"/>
</kw>
<kw name="Get Location" library="SeleniumLibrary">
<var>${loc}</var>
<doc>Returns the current browser window URL.</doc>
<status status="NOT RUN" starttime="20220316 16:22:55.836" endtime="20220316 16:22:55.836"/>
</kw>
<kw name="Log To Console" library="BuiltIn">
<arg>${loc}</arg>
<doc>Logs the given message to the console.</doc>
<status status="NOT RUN" starttime="20220316 16:22:55.836" endtime="20220316 16:22:55.836"/>
</kw>
<kw name="Press Keys" library="SeleniumLibrary">
<arg>name=q</arg>
<arg>Raja</arg>
<doc>Simulates the user pressing key(s) to an element or on the active browser.</doc>
<status status="NOT RUN" starttime="20220316 16:22:55.837" endtime="20220316 16:22:55.837"/>
</kw>
<kw name="Press Keys" library="SeleniumLibrary">
<arg>None</arg>
<arg>ARROW_DOWN</arg>
<doc>Simulates the user pressing key(s) to an element or on the active browser.</doc>
<status status="NOT RUN" starttime="20220316 16:22:55.838" endtime="20220316 16:22:55.838"/>
</kw>
<kw name="Press Keys" library="SeleniumLibrary">
<arg>None</arg>
<arg>ARROW_DOWN</arg>
<doc>Simulates the user pressing key(s) to an element or on the active browser.</doc>
<status status="NOT RUN" starttime="20220316 16:22:55.839" endtime="20220316 16:22:55.839"/>
</kw>
<kw name="Press Keys" library="SeleniumLibrary">
<arg>None</arg>
<arg>ARROW_DOWN</arg>
<doc>Simulates the user pressing key(s) to an element or on the active browser.</doc>
<status status="NOT RUN" starttime="20220316 16:22:55.840" endtime="20220316 16:22:55.840"/>
</kw>
<kw name="Press Keys" library="SeleniumLibrary">
<arg>None</arg>
<arg>ENTER</arg>
<doc>Simulates the user pressing key(s) to an element or on the active browser.</doc>
<status status="NOT RUN" starttime="20220316 16:22:55.840" endtime="20220316 16:22:55.841"/>
</kw>
<status status="FAIL" starttime="20220316 16:21:47.267" endtime="20220316 16:22:55.842">WebDriverException: Message: unknown error: DevToolsActivePort file doesn't exist
Stacktrace:
Backtrace:
	Ordinal0 [0x00AC9943+2595139]
	Ordinal0 [0x00A5C9F1+2148849]
	Ordinal0 [0x00954528+1066280]
	Ordinal0 [0x009736B2+1193650]
	Ordinal0 [0x0096FC59+1178713]
	Ordinal0 [0x0096D6F1+1169137]
	Ordinal0 [0x009A0530+1377584]
	Ordinal0 [0x009A018A+1376650]
	Ordinal0 [0x0099B806+1357830]
	Ordinal0 [0x00976086+1204358]
	Ordinal0 [0x00976F96+1208214]
	GetHandleVerifier [0x00C6B232+1658114]
	GetHandleVerifier [0x00D2312C+2411516]
	GetHandleVerifier [0x00B5F261+560433]
	GetHandleVerifier [0x00B5E366+556598]
	Ordinal0 [0x00A6286B+2173035]
	Ordinal0 [0x00A675F8+2192888]
	Ordinal0 [0x00A676E5+2193125]
	Ordinal0 [0x00A711FC+2232828]
	BaseThreadInitThunk [0x765EFA29+25]
	RtlGetAppContainerNamedObjectPath [0x77647A7E+286]
	RtlGetAppContainerNamedObjectPath [0x77647A4E+238]
</status>
</test>
<test id="s1-t2" name="TC2">
<kw name="Open Browser" library="SeleniumLibrary">
<arg>browser=chrome</arg>
<arg>executable_path=${EXECDIR}${/}driver${/}chromedriver.exe</arg>
<doc>Opens a new browser instance to the optional ``url``.</doc>
<msg timestamp="20220316 16:22:56.041" level="INFO">Opening browser 'chrome' to base url 'None'.</msg>
<status status="PASS" starttime="20220316 16:22:56.039" endtime="20220316 16:23:18.036"/>
</kw>
<kw name="Maximize Browser Window" library="SeleniumLibrary">
<doc>Maximizes current browser window.</doc>
<status status="PASS" starttime="20220316 16:23:18.051" endtime="20220316 16:23:19.940"/>
</kw>
<kw name="Set Selenium Implicit Wait" library="SeleniumLibrary">
<arg>20s</arg>
<doc>Sets the implicit wait value used by Selenium.</doc>
<status status="PASS" starttime="20220316 16:23:19.947" endtime="20220316 16:23:19.956"/>
</kw>
<kw name="Set Selenium Speed" library="SeleniumLibrary">
<arg>1s</arg>
<doc>Sets the delay that is waited after each Selenium command.</doc>
<status status="PASS" starttime="20220316 16:23:20.008" endtime="20220316 16:23:20.009"/>
</kw>
<kw name="Go To" library="SeleniumLibrary">
<arg>url=https://www.myntra.com/</arg>
<doc>Navigates the current browser window to the provided ``url``.</doc>
<msg timestamp="20220316 16:23:20.010" level="INFO">Opening url 'https://www.myntra.com/'</msg>
<status status="PASS" starttime="20220316 16:23:20.010" endtime="20220316 16:23:54.299"/>
</kw>
<kw name="Mouse Over" library="SeleniumLibrary">
<arg>xpath=//span[text()='Profile']</arg>
<doc>Simulates hovering the mouse over the element ``locator``.</doc>
<msg timestamp="20220316 16:23:54.302" level="INFO">Simulating Mouse Over on element 'xpath=//span[text()='Profile']'.</msg>
<status status="PASS" starttime="20220316 16:23:54.301" endtime="20220316 16:23:56.932"/>
</kw>
<kw name="Click Element" library="SeleniumLibrary">
<arg>xpath=//a[text()="login / Signup"]</arg>
<doc>Click the element identified by ``locator``.</doc>
<msg timestamp="20220316 16:23:56.934" level="INFO">Clicking element 'xpath=//a[text()="login / Signup"]'.</msg>
<status status="PASS" starttime="20220316 16:23:56.933" endtime="20220316 16:24:43.709"/>
</kw>
<status status="PASS" starttime="20220316 16:22:56.036" endtime="20220316 16:24:43.711"/>
</test>
<test id="s1-t3" name="TC3">
<kw name="Open Browser" library="SeleniumLibrary">
<arg>browser=chrome</arg>
<arg>executable_path=${EXECDIR}${/}driver${/}chromedriver.exe</arg>
<doc>Opens a new browser instance to the optional ``url``.</doc>
<msg timestamp="20220316 16:24:43.716" level="INFO">Opening browser 'chrome' to base url 'None'.</msg>
<status status="PASS" starttime="20220316 16:24:43.715" endtime="20220316 16:25:12.031"/>
</kw>
<kw name="Maximize Browser Window" library="SeleniumLibrary">
<doc>Maximizes current browser window.</doc>
<status status="PASS" starttime="20220316 16:25:12.032" endtime="20220316 16:25:13.238"/>
</kw>
<kw name="Set Selenium Implicit Wait" library="SeleniumLibrary">
<arg>20s</arg>
<doc>Sets the implicit wait value used by Selenium.</doc>
<status status="PASS" starttime="20220316 16:25:13.241" endtime="20220316 16:25:15.265"/>
</kw>
<kw name="Set Selenium Speed" library="SeleniumLibrary">
<arg>1s</arg>
<doc>Sets the delay that is waited after each Selenium command.</doc>
<status status="PASS" starttime="20220316 16:25:15.266" endtime="20220316 16:25:15.267"/>
</kw>
<kw name="Go To" library="SeleniumLibrary">
<arg>url=https://nasscom.in/</arg>
<doc>Navigates the current browser window to the provided ``url``.</doc>
<msg timestamp="20220316 16:25:15.267" level="INFO">Opening url 'https://nasscom.in/'</msg>
<status status="PASS" starttime="20220316 16:25:15.267" endtime="20220316 16:25:57.823"/>
</kw>
<kw name="Mouse Over" library="SeleniumLibrary">
<arg>xpath=//a[text()='Membership']</arg>
<doc>Simulates hovering the mouse over the element ``locator``.</doc>
<msg timestamp="20220316 16:25:57.826" level="INFO">Simulating Mouse Over on element 'xpath=//a[text()='Membership']'.</msg>
<status status="PASS" starttime="20220316 16:25:57.824" endtime="20220316 16:26:00.151"/>
</kw>
<kw name="Click Element" library="SeleniumLibrary">
<arg>xpath=//a[text()="Members Listing"]</arg>
<doc>Click the element identified by ``locator``.</doc>
<msg timestamp="20220316 16:26:00.153" level="INFO">Clicking element 'xpath=//a[text()="Members Listing"]'.</msg>
<status status="PASS" starttime="20220316 16:26:00.152" endtime="20220316 16:26:04.334"/>
</kw>
<status status="PASS" starttime="20220316 16:24:43.713" endtime="20220316 16:26:04.336"/>
</test>
<status status="FAIL" starttime="20220316 16:21:45.773" endtime="20220316 16:26:04.339"/>
</suite>
<statistics>
<total>
<stat pass="2" fail="1" skip="0">All Tests</stat>
</total>
<tag>
</tag>
<suite>
<stat pass="2" fail="1" skip="0" id="s1" name="Demo11 Selenium Suite">Demo11 Selenium Suite</stat>
</suite>
</statistics>
<errors>
</errors>
</robot>
