<?xml version="1.0" encoding="UTF-8"?>
<robot generator="Robot 4.1.3 (Python 3.10.2 on win32)" generated="20220317 09:43:26.802" rpa="false" schemaversion="2">
<suite id="s1" name="Demo12 Phptravels Suite" source="E:\LTS\robot_project\selenium_suite\demo12_phptravels_suite.robot">
<test id="s1-t1" name="TC1">
<kw name="Open Browser" library="SeleniumLibrary">
<arg>browser=chrome</arg>
<arg>executable_path=${EXECDIR}${/}driver${/}chromedriver.exe</arg>
<doc>Opens a new browser instance to the optional ``url``.</doc>
<msg timestamp="20220317 09:43:32.815" level="INFO">Opening browser 'chrome' to base url 'None'.</msg>
<status status="PASS" starttime="20220317 09:43:32.814" endtime="20220317 09:44:20.702"/>
</kw>
<kw name="Maximize Browser Window" library="SeleniumLibrary">
<doc>Maximizes current browser window.</doc>
<status status="PASS" starttime="20220317 09:44:20.704" endtime="20220317 09:44:21.150"/>
</kw>
<kw name="Set Selenium Implicit Wait" library="SeleniumLibrary">
<arg>20s</arg>
<doc>Sets the implicit wait value used by Selenium.</doc>
<status status="PASS" starttime="20220317 09:44:21.152" endtime="20220317 09:44:21.193"/>
</kw>
<kw name="Set Selenium Speed" library="SeleniumLibrary">
<arg>1s</arg>
<doc>Sets the delay that is waited after each Selenium command.</doc>
<status status="PASS" starttime="20220317 09:44:21.194" endtime="20220317 09:44:21.194"/>
</kw>
<kw name="Go To" library="SeleniumLibrary">
<arg>url=https://phptravels.net/</arg>
<doc>Navigates the current browser window to the provided ``url``.</doc>
<msg timestamp="20220317 09:44:21.196" level="INFO">Opening url 'https://phptravels.net/'</msg>
<status status="PASS" starttime="20220317 09:44:21.195" endtime="20220317 09:44:38.143"/>
</kw>
<kw name="Click Element" library="SeleniumLibrary">
<arg>xpath=//span[text()=' flights']</arg>
<doc>Click the element identified by ``locator``.</doc>
<msg timestamp="20220317 09:44:38.145" level="INFO">Clicking element 'xpath=//span[text()=' flights']'.</msg>
<status status="PASS" starttime="20220317 09:44:38.144" endtime="20220317 09:44:47.870"/>
</kw>
<kw name="Select From List By Label" library="SeleniumLibrary">
<arg>//select[@id="flight_type"]</arg>
<arg>Business</arg>
<doc>Selects options from selection list ``locator`` by ``labels``.</doc>
<msg timestamp="20220317 09:44:47.873" level="INFO">Selecting options from selection list '//select[@id="flight_type"]' by label Business.</msg>
<status status="PASS" starttime="20220317 09:44:47.872" endtime="20220317 09:44:55.666"/>
</kw>
<kw name="Input Text" library="SeleniumLibrary">
<arg>xpath=//input[@placeholder="Flying From"]</arg>
<arg>Los Angeles</arg>
<doc>Types the given ``text`` into the text field identified by ``locator``.</doc>
<msg timestamp="20220317 09:44:55.670" level="INFO">Typing text 'Los Angeles' into text field 'xpath=//input[@placeholder="Flying From"]'.</msg>
<status status="PASS" starttime="20220317 09:44:55.669" endtime="20220317 09:45:04.157"/>
</kw>
<kw name="Click Element" library="SeleniumLibrary">
<arg>xpath=//strong[text()=' Los Angeles Intl']</arg>
<doc>Click the element identified by ``locator``.</doc>
<msg timestamp="20220317 09:45:04.160" level="INFO">Clicking element 'xpath=//strong[text()=' Los Angeles Intl']'.</msg>
<msg timestamp="20220317 09:45:08.340" level="INFO" html="true">&lt;/td&gt;&lt;/tr&gt;&lt;tr&gt;&lt;td colspan="3"&gt;&lt;a href="selenium-screenshot-18.png"&gt;&lt;img src="selenium-screenshot-18.png" width="800px"&gt;&lt;/a&gt;</msg>
<msg timestamp="20220317 09:45:08.980" level="FAIL">ElementClickInterceptedException: Message: element click intercepted: Element &lt;strong&gt;...&lt;/strong&gt; is not clickable at point (169, 537). Other element would receive the click: &lt;span id="cookieconsent:desc" class="cc-message"&gt;...&lt;/span&gt;
  (Session info: chrome=99.0.4844.51)
Stacktrace:
Backtrace:
	Ordinal0 [0x006B9943+2595139]
	Ordinal0 [0x0064C9F1+2148849]
	Ordinal0 [0x00544528+1066280]
	Ordinal0 [0x00577621+1275425]
	Ordinal0 [0x00575657+1267287]
	Ordinal0 [0x0057333B+1258299]
	Ordinal0 [0x0057207D+1253501]
	Ordinal0 [0x00567AB3+1211059]
	Ordinal0 [0x0058B9EC+1358316]
	Ordinal0 [0x00567474+1209460]
	Ordinal0 [0x0058BC04+1358852]
	Ordinal0 [0x0059BAF2+1424114]
	Ordinal0 [0x0058B806+1357830]
	Ordinal0 [0x00566086+1204358]
	Ordinal0 [0x00566F96+1208214]
	GetHandleVerifier [0x0085B232+1658114]
	GetHandleVerifier [0x0091312C+2411516]
	GetHandleVerifier [0x0074F261+560433]
	GetHandleVerifier [0x0074E366+556598]
	Ordinal0 [0x0065286B+2173035]
	Ordinal0 [0x006575F8+2192888]
	Ordinal0 [0x006576E5+2193125]
	Ordinal0 [0x006611FC+2232828]
	BaseThreadInitThunk [0x7603FA29+25]
	RtlGetAppContainerNamedObjectPath [0x77027A7E+286]
	RtlGetAppContainerNamedObjectPath [0x77027A4E+238]
</msg>
<status status="FAIL" starttime="20220317 09:45:04.159" endtime="20220317 09:45:08.980"/>
</kw>
<kw name="Input Text" library="SeleniumLibrary">
<arg>xpath=//input[@placeholder="To Destination"]</arg>
<arg>Dallas</arg>
<doc>Types the given ``text`` into the text field identified by ``locator``.</doc>
<status status="NOT RUN" starttime="20220317 09:45:08.986" endtime="20220317 09:45:08.986"/>
</kw>
<kw name="Click Element" library="SeleniumLibrary">
<arg>//strong[normalize-space()='Dallas Love Fld']</arg>
<doc>Click the element identified by ``locator``.</doc>
<status status="NOT RUN" starttime="20220317 09:45:08.990" endtime="20220317 09:45:08.991"/>
</kw>
<kw name="Input Text" library="SeleniumLibrary">
<arg>(//input[@id='departure'])[1]</arg>
<arg>30-12-2021</arg>
<doc>Types the given ``text`` into the text field identified by ``locator``.</doc>
<status status="NOT RUN" starttime="20220317 09:45:08.992" endtime="20220317 09:45:08.992"/>
</kw>
<kw name="Click Element" library="SeleniumLibrary">
<arg>//span[@class='guest_flights d-block text-center']</arg>
<doc>Click the element identified by ``locator``.</doc>
<status status="NOT RUN" starttime="20220317 09:45:08.992" endtime="20220317 09:45:08.993"/>
</kw>
<kw name="Click Element" library="SeleniumLibrary">
<arg>//div[@class='dropdown-item adult_qty']//i[@class='la la-plus']</arg>
<doc>Click the element identified by ``locator``.</doc>
<status status="NOT RUN" starttime="20220317 09:45:08.993" endtime="20220317 09:45:08.994"/>
</kw>
<kw name="Click Element" library="SeleniumLibrary">
<arg>//div[@class='dropdown-item adult_qty']//i[@class='la la-plus']</arg>
<doc>Click the element identified by ``locator``.</doc>
<status status="NOT RUN" starttime="20220317 09:45:08.994" endtime="20220317 09:45:08.994"/>
</kw>
<kw name="Click Element" library="SeleniumLibrary">
<arg>//div[@class='dropdown-item adult_qty']//i[@class='la la-plus']</arg>
<doc>Click the element identified by ``locator``.</doc>
<status status="NOT RUN" starttime="20220317 09:45:08.995" endtime="20220317 09:45:08.995"/>
</kw>
<kw name="Click Element" library="SeleniumLibrary">
<arg>//div[@class='dropdown-item child_qty']//i[@class='la la-plus']</arg>
<doc>Click the element identified by ``locator``.</doc>
<status status="NOT RUN" starttime="20220317 09:45:08.995" endtime="20220317 09:45:08.996"/>
</kw>
<kw name="Click Element" library="SeleniumLibrary">
<arg>//div[@class='dropdown-item child_qty']//i[@class='la la-plus']</arg>
<doc>Click the element identified by ``locator``.</doc>
<status status="NOT RUN" starttime="20220317 09:45:08.996" endtime="20220317 09:45:08.997"/>
</kw>
<kw name="Click Element" library="SeleniumLibrary">
<arg>//button[@id="flights-search"]</arg>
<doc>Click the element identified by ``locator``.</doc>
<status status="NOT RUN" starttime="20220317 09:45:08.997" endtime="20220317 09:45:08.997"/>
</kw>
<status status="FAIL" starttime="20220317 09:43:32.812" endtime="20220317 09:45:08.998">ElementClickInterceptedException: Message: element click intercepted: Element &lt;strong&gt;...&lt;/strong&gt; is not clickable at point (169, 537). Other element would receive the click: &lt;span id="cookieconsent:desc" class="cc-message"&gt;...&lt;/span&gt;
  (Session info: chrome=99.0.4844.51)
Stacktrace:
Backtrace:
	Ordinal0 [0x006B9943+2595139]
	Ordinal0 [0x0064C9F1+2148849]
	Ordinal0 [0x00544528+1066280]
	Ordinal0 [0x00577621+1275425]
	Ordinal0 [0x00575657+1267287]
	Ordinal0 [0x0057333B+1258299]
	Ordinal0 [0x0057207D+1253501]
	Ordinal0 [0x00567AB3+1211059]
	Ordinal0 [0x0058B9EC+1358316]
	Ordinal0 [0x00567474+1209460]
	Ordinal0 [0x0058BC04+1358852]
	Ordinal0 [0x0059BAF2+1424114]
	Ordinal0 [0x0058B806+1357830]
	Ordinal0 [0x00566086+1204358]
	Ordinal0 [0x00566F96+1208214]
	GetHandleVerifier [0x0085B232+1658114]
	GetHandleVerifier [0x0091312C+2411516]
	GetHandleVerifier [0x0074F261+560433]
	GetHandleVerifier [0x0074E366+556598]
	Ordinal0 [0x0065286B+2173035]
	Ordinal0 [0x006575F8+2192888]
	Ordinal0 [0x006576E5+2193125]
	Ordinal0 [0x006611FC+2232828]
	BaseThreadInitThunk [0x7603FA29+25]
	RtlGetAppContainerNamedObjectPath [0x77027A7E+286]
	RtlGetAppContainerNamedObjectPath [0x77027A4E+238]
</status>
</test>
<status status="FAIL" starttime="20220317 09:43:26.850" endtime="20220317 09:45:09.362"/>
</suite>
<statistics>
<total>
<stat pass="0" fail="1" skip="0">All Tests</stat>
</total>
<tag>
</tag>
<suite>
<stat pass="0" fail="1" skip="0" id="s1" name="Demo12 Phptravels Suite">Demo12 Phptravels Suite</stat>
</suite>
</statistics>
<errors>
</errors>
</robot>
