<?xml version="1.0" encoding="UTF-8"?>
<robot generator="Robot 4.1.3 (Python 3.10.2 on win32)" generated="20220319 10:10:56.549" rpa="false" schemaversion="2">
<suite id="s1" name="Demo7 Suite" source="E:\LTS\robot_project\robot_suite\demo7_suite.robot">
<test id="s1-t1" name="TC1">
<kw name="Get My Name" library="my_script">
<var>${my_name}</var>
<msg timestamp="20220319 10:10:56.768" level="INFO">${my_name} = apsar</msg>
<status status="PASS" starttime="20220319 10:10:56.768" endtime="20220319 10:10:56.768"/>
</kw>
<kw name="Log To Console" library="BuiltIn">
<arg>${my_name}</arg>
<doc>Logs the given message to the console.</doc>
<status status="PASS" starttime="20220319 10:10:56.769" endtime="20220319 10:10:56.770"/>
</kw>
<kw name="Add Two Number" library="my_script">
<var>${output}</var>
<arg>50</arg>
<arg>499</arg>
<msg timestamp="20220319 10:10:56.771" level="INFO">${output} = 549.0</msg>
<status status="PASS" starttime="20220319 10:10:56.771" endtime="20220319 10:10:56.771"/>
</kw>
<kw name="Log To Console" library="BuiltIn">
<arg>${output}</arg>
<doc>Logs the given message to the console.</doc>
<status status="PASS" starttime="20220319 10:10:56.772" endtime="20220319 10:10:56.773"/>
</kw>
<status status="PASS" starttime="20220319 10:10:56.767" endtime="20220319 10:10:56.773"/>
</test>
<status status="PASS" starttime="20220319 10:10:56.574" endtime="20220319 10:10:56.776"/>
</suite>
<statistics>
<total>
<stat pass="1" fail="0" skip="0">All Tests</stat>
</total>
<tag>
</tag>
<suite>
<stat pass="1" fail="0" skip="0" id="s1" name="Demo7 Suite">Demo7 Suite</stat>
</suite>
</statistics>
<errors>
</errors>
</robot>
