<?xml version="1.0" encoding="UTF-8"?>
<robot generator="Robot 4.1.3 (Python 3.10.2 on win32)" generated="20220316 08:48:31.214" rpa="false" schemaversion="2">
<suite id="s1" name="Demo8 Openemr Suite" source="E:\LTS\robot_project\selenium_suite\demo8_openemr_suite.robot">
<test id="s1-t1" name="TC1">
<kw name="Open Browser" library="SeleniumLibrary">
<arg>browser=chrome</arg>
<arg>executable_path=${EXECDIR}${/}driver${/}chromedriver.exe</arg>
<doc>Opens a new browser instance to the optional ``url``.</doc>
<msg timestamp="20220316 08:48:35.976" level="INFO">Opening browser 'chrome' to base url 'None'.</msg>
<status status="PASS" starttime="20220316 08:48:35.975" endtime="20220316 08:49:08.434"/>
</kw>
<kw name="Maximize Browser Window" library="SeleniumLibrary">
<doc>Maximizes current browser window.</doc>
<status status="PASS" starttime="20220316 08:49:08.456" endtime="20220316 08:49:08.904"/>
</kw>
<kw name="Set Selenium Implicit Wait" library="SeleniumLibrary">
<arg>30s</arg>
<doc>Sets the implicit wait value used by Selenium.</doc>
<status status="PASS" starttime="20220316 08:49:08.905" endtime="20220316 08:49:09.013"/>
</kw>
<kw name="Go To" library="SeleniumLibrary">
<arg>https://demo.openemr.io/b/openemr</arg>
<doc>Navigates the current browser window to the provided ``url``.</doc>
<msg timestamp="20220316 08:49:09.016" level="INFO">Opening url 'https://demo.openemr.io/b/openemr'</msg>
<status status="PASS" starttime="20220316 08:49:09.015" endtime="20220316 08:49:22.583"/>
</kw>
<kw name="Input Text" library="SeleniumLibrary">
<arg>id=authUser</arg>
<arg>admin</arg>
<doc>Types the given ``text`` into the text field identified by ``locator``.</doc>
<msg timestamp="20220316 08:49:22.587" level="INFO">Typing text 'admin' into text field 'id=authUser'.</msg>
<status status="PASS" starttime="20220316 08:49:22.585" endtime="20220316 08:49:23.287"/>
</kw>
<kw name="Input Password" library="SeleniumLibrary">
<arg>id=clearPass</arg>
<arg>pass</arg>
<doc>Types the given password into the text field identified by ``locator``.</doc>
<msg timestamp="20220316 08:49:23.288" level="INFO">Typing password into text field 'id=clearPass'.</msg>
<msg timestamp="20220316 08:49:23.410" level="INFO">Temporally setting log level to: NONE</msg>
<msg timestamp="20220316 08:49:23.591" level="INFO">Log level changed from NONE to INFO.</msg>
<status status="PASS" starttime="20220316 08:49:23.288" endtime="20220316 08:49:23.591"/>
</kw>
<kw name="Select From List By Label" library="SeleniumLibrary">
<arg>xpath=//select[@name='languageChoice']</arg>
<arg>English (Indian)</arg>
<doc>Selects options from selection list ``locator`` by ``labels``.</doc>
<msg timestamp="20220316 08:49:23.592" level="INFO">Selecting options from selection list 'xpath=//select[@name='languageChoice']' by label English (Indian).</msg>
<status status="PASS" starttime="20220316 08:49:23.592" endtime="20220316 08:49:24.113"/>
</kw>
<kw name="Click Element" library="SeleniumLibrary">
<arg>xpath=//button[contains(text(),'Login')]</arg>
<doc>Click the element identified by ``locator``.</doc>
<msg timestamp="20220316 08:49:24.117" level="INFO">Clicking element 'xpath=//button[contains(text(),'Login')]'.</msg>
<status status="PASS" starttime="20220316 08:49:24.115" endtime="20220316 08:49:32.895"/>
</kw>
<kw name="Click Element" library="SeleniumLibrary">
<arg>xpath=//div[contains(text(),'Messages')]</arg>
<doc>Click the element identified by ``locator``.</doc>
<msg timestamp="20220316 08:49:32.897" level="INFO">Clicking element 'xpath=//div[contains(text(),'Messages')]'.</msg>
<status status="PASS" starttime="20220316 08:49:32.897" endtime="20220316 08:49:33.083"/>
</kw>
<kw name="Select Frame" library="SeleniumLibrary">
<arg>xpath=//iframe[@name='msg']</arg>
<doc>Sets frame identified by ``locator`` as the current frame.</doc>
<msg timestamp="20220316 08:49:33.086" level="INFO">Selecting frame 'xpath=//iframe[@name='msg']'.</msg>
<status status="PASS" starttime="20220316 08:49:33.085" endtime="20220316 08:49:37.751"/>
</kw>
<kw name="Click Element" library="SeleniumLibrary">
<arg>partial link=Add New</arg>
<doc>Click the element identified by ``locator``.</doc>
<msg timestamp="20220316 08:49:37.753" level="INFO">Clicking element 'partial link=Add New'.</msg>
<status status="PASS" starttime="20220316 08:49:37.752" endtime="20220316 08:49:39.370"/>
</kw>
<kw name="Input Text" library="SeleniumLibrary">
<arg>id=note</arg>
<arg>Hello</arg>
<doc>Types the given ``text`` into the text field identified by ``locator``.</doc>
<msg timestamp="20220316 08:49:39.372" level="INFO">Typing text 'Hello' into text field 'id=note'.</msg>
<status status="PASS" starttime="20220316 08:49:39.371" endtime="20220316 08:49:39.577"/>
</kw>
<kw name="Select From List By Label" library="SeleniumLibrary">
<arg>id=form_note_type</arg>
<arg>Pharmacy</arg>
<doc>Selects options from selection list ``locator`` by ``labels``.</doc>
<msg timestamp="20220316 08:49:39.578" level="INFO">Selecting options from selection list 'id=form_note_type' by label Pharmacy.</msg>
<status status="PASS" starttime="20220316 08:49:39.577" endtime="20220316 08:49:39.707"/>
</kw>
<kw name="Select From List By Label" library="SeleniumLibrary">
<arg>id=form_message_status</arg>
<arg>Forwarded</arg>
<doc>Selects options from selection list ``locator`` by ``labels``.</doc>
<msg timestamp="20220316 08:49:39.708" level="INFO">Selecting options from selection list 'id=form_message_status' by label Forwarded.</msg>
<status status="PASS" starttime="20220316 08:49:39.707" endtime="20220316 08:49:39.809"/>
</kw>
<kw name="Select From List By Index" library="SeleniumLibrary">
<arg>id=users</arg>
<arg>1</arg>
<doc>Selects options from selection list ``locator`` by ``indexes``.</doc>
<msg timestamp="20220316 08:49:39.811" level="INFO">Selecting options from selection list 'id=users' by index 1.</msg>
<status status="PASS" starttime="20220316 08:49:39.810" endtime="20220316 08:49:39.999"/>
</kw>
<kw name="Click Element" library="SeleniumLibrary">
<arg>id=newnote</arg>
<doc>Click the element identified by ``locator``.</doc>
<msg timestamp="20220316 08:49:40.000" level="INFO">Clicking element 'id=newnote'.</msg>
<status status="PASS" starttime="20220316 08:49:40.000" endtime="20220316 08:49:40.354"/>
</kw>
<kw name="Element Text Should Be" library="SeleniumLibrary">
<arg>//span[@id='error_reply_to']</arg>
<arg>Please choose a patient</arg>
<doc>Verifies that element ``locator`` contains exact the text ``expected``.</doc>
<msg timestamp="20220316 08:49:40.356" level="INFO">Verifying element '//span[@id='error_reply_to']' contains exact text 'Please choose a patient'.</msg>
<status status="PASS" starttime="20220316 08:49:40.355" endtime="20220316 08:49:40.523"/>
</kw>
<kw name="Unselect Frame" library="SeleniumLibrary">
<doc>Sets the main frame as the current frame.</doc>
<status status="PASS" starttime="20220316 08:49:40.524" endtime="20220316 08:49:40.529"/>
</kw>
<kw name="Close Browser" library="SeleniumLibrary" type="TEARDOWN">
<doc>Closes the current browser.</doc>
<status status="PASS" starttime="20220316 08:49:40.530" endtime="20220316 08:49:43.272"/>
</kw>
<status status="PASS" starttime="20220316 08:48:35.974" endtime="20220316 08:49:43.274"/>
</test>
<status status="PASS" starttime="20220316 08:48:31.286" endtime="20220316 08:49:43.281"/>
</suite>
<statistics>
<total>
<stat pass="1" fail="0" skip="0">All Tests</stat>
</total>
<tag>
</tag>
<suite>
<stat pass="1" fail="0" skip="0" id="s1" name="Demo8 Openemr Suite">Demo8 Openemr Suite</stat>
</suite>
</statistics>
<errors>
</errors>
</robot>
