<?xml version="1.0" encoding="UTF-8"?>
<robot generator="Robot 4.1.3 (Python 3.10.2 on win32)" generated="20220315 12:44:53.481" rpa="false" schemaversion="2">
<suite id="s1" name="Demo3 Medibuddy Tabs Suite" source="E:\LTS\robot_project\selenium_suite\demo3_medibuddy_tabs_suite.robot">
<test id="s1-t1" name="TC1">
<kw name="Open Browser" library="SeleniumLibrary">
<arg>browser=chrome</arg>
<arg>executable_path=${EXECDIR}${/}driver${/}chromedriver.exe</arg>
<doc>Opens a new browser instance to the optional ``url``.</doc>
<msg timestamp="20220315 12:44:54.691" level="INFO">Opening browser 'chrome' to base url 'None'.</msg>
<status status="PASS" starttime="20220315 12:44:54.689" endtime="20220315 12:46:11.401"/>
</kw>
<kw name="Maximize Browser Window" library="SeleniumLibrary">
<doc>Maximizes current browser window.</doc>
<status status="PASS" starttime="20220315 12:46:11.404" endtime="20220315 12:46:12.451"/>
</kw>
<kw name="Set Selenium Implicit Wait" library="SeleniumLibrary">
<arg>20s</arg>
<doc>Sets the implicit wait value used by Selenium.</doc>
<status status="PASS" starttime="20220315 12:46:12.453" endtime="20220315 12:46:12.490"/>
</kw>
<kw name="Go To" library="SeleniumLibrary">
<arg>url=https://www.medibuddy.in/</arg>
<doc>Navigates the current browser window to the provided ``url``.</doc>
<msg timestamp="20220315 12:46:12.491" level="INFO">Opening url 'https://www.medibuddy.in/'</msg>
<status status="PASS" starttime="20220315 12:46:12.491" endtime="20220315 12:46:29.678"/>
</kw>
<kw name="Click Button" library="SeleniumLibrary">
<arg>xpath=//button[text()='Not Now']</arg>
<doc>Clicks the button identified by ``locator``.</doc>
<msg timestamp="20220315 12:46:29.680" level="INFO">Clicking button 'xpath=//button[text()='Not Now']'.</msg>
<status status="PASS" starttime="20220315 12:46:29.679" endtime="20220315 12:46:57.269"/>
</kw>
<kw name="Click Element" library="SeleniumLibrary">
<arg>link=For Employer</arg>
<doc>Click the element identified by ``locator``.</doc>
<msg timestamp="20220315 12:46:57.276" level="INFO">Clicking element 'link=For Employer'.</msg>
<status status="PASS" starttime="20220315 12:46:57.275" endtime="20220315 12:46:58.611"/>
</kw>
<kw name="Switch Window" library="SeleniumLibrary">
<arg>MediBuddy LaunchPad</arg>
<doc>Switches to browser window matching ``locator``.</doc>
<status status="PASS" starttime="20220315 12:46:58.612" endtime="20220315 12:47:15.299"/>
</kw>
<kw name="Input Text" library="SeleniumLibrary">
<arg>id=getInTouchName</arg>
<arg>Apsar</arg>
<doc>Types the given ``text`` into the text field identified by ``locator``.</doc>
<msg timestamp="20220315 12:47:15.307" level="INFO">Typing text 'Apsar' into text field 'id=getInTouchName'.</msg>
<status status="PASS" starttime="20220315 12:47:15.306" endtime="20220315 12:47:19.359"/>
</kw>
<kw name="Input Text" library="SeleniumLibrary">
<arg>id=getInTouchEmail</arg>
<arg>Apsar@gmail.com</arg>
<doc>Types the given ``text`` into the text field identified by ``locator``.</doc>
<msg timestamp="20220315 12:47:19.362" level="INFO">Typing text 'Apsar@gmail.com' into text field 'id=getInTouchEmail'.</msg>
<status status="PASS" starttime="20220315 12:47:19.361" endtime="20220315 12:47:20.123"/>
</kw>
<kw name="Input Text" library="SeleniumLibrary">
<arg>id=getInTouchMobile</arg>
<arg>1234567890</arg>
<doc>Types the given ``text`` into the text field identified by ``locator``.</doc>
<msg timestamp="20220315 12:47:20.126" level="INFO">Typing text '1234567890' into text field 'id=getInTouchMobile'.</msg>
<status status="PASS" starttime="20220315 12:47:20.125" endtime="20220315 12:47:20.468"/>
</kw>
<kw name="Input Text" library="SeleniumLibrary">
<arg>id=getInTouchDesignation</arg>
<arg>employee</arg>
<doc>Types the given ``text`` into the text field identified by ``locator``.</doc>
<msg timestamp="20220315 12:47:20.471" level="INFO">Typing text 'employee' into text field 'id=getInTouchDesignation'.</msg>
<status status="PASS" starttime="20220315 12:47:20.470" endtime="20220315 12:47:20.837"/>
</kw>
<kw name="Input Text" library="SeleniumLibrary">
<arg>id=getInTouchEmpCount</arg>
<arg>1</arg>
<doc>Types the given ``text`` into the text field identified by ``locator``.</doc>
<msg timestamp="20220315 12:47:20.856" level="INFO">Typing text '1' into text field 'id=getInTouchEmpCount'.</msg>
<status status="PASS" starttime="20220315 12:47:20.855" endtime="20220315 12:47:22.997"/>
</kw>
<kw name="Click Element" library="SeleniumLibrary">
<arg>xpath=//button[text()='Get In Touch']</arg>
<doc>Click the element identified by ``locator``.</doc>
<msg timestamp="20220315 12:47:23.001" level="INFO">Clicking element 'xpath=//button[text()='Get In Touch']'.</msg>
<msg timestamp="20220315 12:47:46.394" level="INFO" html="true">&lt;/td&gt;&lt;/tr&gt;&lt;tr&gt;&lt;td colspan="3"&gt;&lt;a href="selenium-screenshot-15.png"&gt;&lt;img src="selenium-screenshot-15.png" width="800px"&gt;&lt;/a&gt;</msg>
<msg timestamp="20220315 12:47:46.912" level="FAIL">Element with locator 'xpath=//button[text()='Get In Touch']' not found.</msg>
<status status="FAIL" starttime="20220315 12:47:23.000" endtime="20220315 12:47:46.912"/>
</kw>
<kw name="Element Text Should Be" library="SeleniumLibrary">
<arg>xpath=//div[contains(text(),'digits')</arg>
<arg>Mobile Number should be 10 digits</arg>
<doc>Verifies that element ``locator`` contains exact the text ``expected``.</doc>
<status status="NOT RUN" starttime="20220315 12:47:46.917" endtime="20220315 12:47:46.918"/>
</kw>
<kw name="Close Window" library="SeleniumLibrary" type="TEARDOWN">
<doc>Closes currently opened and selected browser window/tab.</doc>
<status status="PASS" starttime="20220315 12:47:46.919" endtime="20220315 12:47:48.718"/>
</kw>
<status status="FAIL" starttime="20220315 12:44:54.687" endtime="20220315 12:47:48.719">Element with locator 'xpath=//button[text()='Get In Touch']' not found.</status>
</test>
<status status="FAIL" starttime="20220315 12:44:53.537" endtime="20220315 12:47:48.726"/>
</suite>
<statistics>
<total>
<stat pass="0" fail="1" skip="0">All Tests</stat>
</total>
<tag>
</tag>
<suite>
<stat pass="0" fail="1" skip="0" id="s1" name="Demo3 Medibuddy Tabs Suite">Demo3 Medibuddy Tabs Suite</stat>
</suite>
</statistics>
<errors>
</errors>
</robot>
