<?xml version="1.0" encoding="UTF-8"?>
<robot generator="Robot 4.1.3 (Python 3.10.2 on win32)" generated="20220314 17:22:27.393" rpa="false" schemaversion="2">
<suite id="s1" name="Demo1 Orangehrm Suite" source="E:\LTS\robot_project\selenium_suite\demo1_orangehrm_suite.robot">
<test id="s1-t1" name="TC1">
<kw name="Append To Environment Variable" library="OperatingSystem">
<arg>Path</arg>
<arg>${EXECDIR}${/}driver${/}</arg>
<doc>Appends given ``values`` to environment variable ``name``.</doc>
<msg timestamp="20220314 17:22:28.567" level="INFO">Environment variable 'Path' set to value 'C:\Program Files\Common Files\Oracle\Java\javapath;C:\oraclexe\app\oracle\product\10.2.0\server\bin;C:\WINDOWS\system32;C:\WINDOWS;C:\WINDOWS\System32\Wbem;C:\WINDOWS\System32\WindowsPowerShell\v1.0\;C:\Program Files\nodejs\;C:\WINDOWS\System32\OpenSSH\;C:\Program Files\Git\cmd;C:\Users\Ansar Jaha\AppData\Local\Programs\Python\Python310\Scripts\;C:\Users\Ansar Jaha\AppData\Local\Programs\Python\Python310\;C:\Users\Ansar Jaha\AppData\Local\Programs\Microsoft VS Code\bin;C:\Program Files\JetBrains\PyCharm 2021.3.2\bin;;C:\Users\Ansar jaha\AppData\Local\Programs\Python310\Scripts;;E:\LTS\robot_project\driver\'.</msg>
<status status="PASS" starttime="20220314 17:22:28.566" endtime="20220314 17:22:28.567"/>
</kw>
<kw name="Open Browser" library="SeleniumLibrary">
<arg>url=https://opensource-demo.orangehrmlive.com/</arg>
<arg>browser=chrome</arg>
<doc>Opens a new browser instance to the optional ``url``.</doc>
<msg timestamp="20220314 17:22:28.568" level="INFO">Opening browser 'chrome' to base url 'https://opensource-demo.orangehrmlive.com/'.</msg>
<status status="PASS" starttime="20220314 17:22:28.568" endtime="20220314 17:22:46.854"/>
</kw>
<kw name="Maxmize Brower Window">
<msg timestamp="20220314 17:22:46.873" level="FAIL">No keyword with name 'Maxmize Brower Window' found. Did you mean:
    SeleniumLibrary.Maximize Browser Window</msg>
<status status="FAIL" starttime="20220314 17:22:46.873" endtime="20220314 17:22:46.873"/>
</kw>
<kw name="Set Selenium Implict Wait 20s">
<status status="NOT RUN" starttime="20220314 17:22:46.890" endtime="20220314 17:22:46.891"/>
</kw>
<kw name="Input Text" library="SeleniumLibrary">
<arg>id=txtUsername</arg>
<arg>Admin</arg>
<doc>Types the given ``text`` into the text field identified by ``locator``.</doc>
<status status="NOT RUN" starttime="20220314 17:22:46.892" endtime="20220314 17:22:46.892"/>
</kw>
<kw name="Input Password" library="SeleniumLibrary">
<arg>id=txtPassword</arg>
<arg>admin123</arg>
<doc>Types the given password into the text field identified by ``locator``.</doc>
<status status="NOT RUN" starttime="20220314 17:22:46.892" endtime="20220314 17:22:46.893"/>
</kw>
<kw name="Click Element" library="SeleniumLibrary">
<arg>id=btnLogin</arg>
<doc>Click the element identified by ``locator``.</doc>
<status status="NOT RUN" starttime="20220314 17:22:46.893" endtime="20220314 17:22:46.893"/>
</kw>
<kw name="Page Should Contain" library="SeleniumLibrary">
<arg>My Info</arg>
<doc>Verifies that current page contains ``text``.</doc>
<status status="NOT RUN" starttime="20220314 17:22:46.894" endtime="20220314 17:22:46.894"/>
</kw>
<kw name="Click Element" library="SeleniumLibrary">
<arg>id=welcome</arg>
<doc>Click the element identified by ``locator``.</doc>
<status status="NOT RUN" starttime="20220314 17:22:46.895" endtime="20220314 17:22:46.895"/>
</kw>
<kw name="Click Element" library="SeleniumLibrary">
<arg>link=Logout</arg>
<doc>Click the element identified by ``locator``.</doc>
<status status="NOT RUN" starttime="20220314 17:22:46.896" endtime="20220314 17:22:46.896"/>
</kw>
<status status="FAIL" starttime="20220314 17:22:28.565" endtime="20220314 17:22:46.897">No keyword with name 'Maxmize Brower Window' found. Did you mean:
    SeleniumLibrary.Maximize Browser Window</status>
</test>
<test id="s1-t2" name="TC2">
<kw name="Append To Environment Variable" library="OperatingSystem">
<arg>Path</arg>
<arg>${EXECDIR}${/}driver${/}</arg>
<doc>Appends given ``values`` to environment variable ``name``.</doc>
<msg timestamp="20220314 17:22:46.908" level="INFO">Environment variable 'Path' set to value 'C:\Program Files\Common Files\Oracle\Java\javapath;C:\oraclexe\app\oracle\product\10.2.0\server\bin;C:\WINDOWS\system32;C:\WINDOWS;C:\WINDOWS\System32\Wbem;C:\WINDOWS\System32\WindowsPowerShell\v1.0\;C:\Program Files\nodejs\;C:\WINDOWS\System32\OpenSSH\;C:\Program Files\Git\cmd;C:\Users\Ansar Jaha\AppData\Local\Programs\Python\Python310\Scripts\;C:\Users\Ansar Jaha\AppData\Local\Programs\Python\Python310\;C:\Users\Ansar Jaha\AppData\Local\Programs\Microsoft VS Code\bin;C:\Program Files\JetBrains\PyCharm 2021.3.2\bin;;C:\Users\Ansar jaha\AppData\Local\Programs\Python310\Scripts;;E:\LTS\robot_project\driver\;E:\LTS\robot_project\driver\'.</msg>
<status status="PASS" starttime="20220314 17:22:46.907" endtime="20220314 17:22:46.908"/>
</kw>
<kw name="Open Browser" library="SeleniumLibrary">
<arg>url=https://opensource-demo.orangehrmlive.com/</arg>
<arg>browser=chrome</arg>
<doc>Opens a new browser instance to the optional ``url``.</doc>
<msg timestamp="20220314 17:22:46.910" level="INFO">Opening browser 'chrome' to base url 'https://opensource-demo.orangehrmlive.com/'.</msg>
<status status="PASS" starttime="20220314 17:22:46.909" endtime="20220314 17:23:02.024"/>
</kw>
<kw name="Maxmize Brower Window">
<msg timestamp="20220314 17:23:02.040" level="FAIL">No keyword with name 'Maxmize Brower Window' found. Did you mean:
    SeleniumLibrary.Maximize Browser Window</msg>
<status status="FAIL" starttime="20220314 17:23:02.040" endtime="20220314 17:23:02.041"/>
</kw>
<kw name="Set Selenium Implict Wait">
<arg>20s</arg>
<status status="NOT RUN" starttime="20220314 17:23:02.084" endtime="20220314 17:23:02.084"/>
</kw>
<kw name="Input Text" library="SeleniumLibrary">
<arg>id=txtUsername</arg>
<arg>Admin</arg>
<doc>Types the given ``text`` into the text field identified by ``locator``.</doc>
<status status="NOT RUN" starttime="20220314 17:23:02.094" endtime="20220314 17:23:02.094"/>
</kw>
<kw name="Input Password" library="SeleniumLibrary">
<arg>id=txtPassword</arg>
<arg>admin123</arg>
<doc>Types the given password into the text field identified by ``locator``.</doc>
<status status="NOT RUN" starttime="20220314 17:23:02.095" endtime="20220314 17:23:02.095"/>
</kw>
<kw name="Click Element" library="SeleniumLibrary">
<arg>id=btnLogin</arg>
<doc>Click the element identified by ``locator``.</doc>
<status status="NOT RUN" starttime="20220314 17:23:02.096" endtime="20220314 17:23:02.096"/>
</kw>
<kw name="Page Should Contain" library="SeleniumLibrary">
<arg>My Info</arg>
<doc>Verifies that current page contains ``text``.</doc>
<status status="NOT RUN" starttime="20220314 17:23:02.098" endtime="20220314 17:23:02.099"/>
</kw>
<kw name="Click Element" library="SeleniumLibrary">
<arg>id=welcome</arg>
<doc>Click the element identified by ``locator``.</doc>
<status status="NOT RUN" starttime="20220314 17:23:02.113" endtime="20220314 17:23:02.113"/>
</kw>
<kw name="Click Element" library="SeleniumLibrary">
<arg>link=Logout</arg>
<doc>Click the element identified by ``locator``.</doc>
<status status="NOT RUN" starttime="20220314 17:23:02.116" endtime="20220314 17:23:02.116"/>
</kw>
<kw name="Click Element" library="SeleniumLibrary">
<arg>id=menu_pim_viewMyDetails</arg>
<doc>Click the element identified by ``locator``.</doc>
<status status="NOT RUN" starttime="20220314 17:23:02.117" endtime="20220314 17:23:02.117"/>
</kw>
<kw name="Click Element" library="SeleniumLibrary">
<arg>partial link=Emergency Contacts</arg>
<doc>Click the element identified by ``locator``.</doc>
<status status="NOT RUN" starttime="20220314 17:23:02.118" endtime="20220314 17:23:02.118"/>
</kw>
<kw name="Click Element" library="SeleniumLibrary">
<arg>id=btnAddContact</arg>
<doc>Click the element identified by ``locator``.</doc>
<status status="NOT RUN" starttime="20220314 17:23:02.119" endtime="20220314 17:23:02.120"/>
</kw>
<kw name="Input Text" library="SeleniumLibrary">
<arg>id=emgcontacts[name]</arg>
<arg>apsar</arg>
<doc>Types the given ``text`` into the text field identified by ``locator``.</doc>
<status status="NOT RUN" starttime="20220314 17:23:02.127" endtime="20220314 17:23:02.174"/>
</kw>
<kw name="Input Text" library="SeleniumLibrary">
<arg>id=emgcontacts[relationship]</arg>
<arg>Brother</arg>
<doc>Types the given ``text`` into the text field identified by ``locator``.</doc>
<status status="NOT RUN" starttime="20220314 17:23:02.179" endtime="20220314 17:23:02.180"/>
</kw>
<kw name="Input Text" library="SeleniumLibrary">
<arg>id=emgcontacts[homePhone]</arg>
<arg>1234</arg>
<doc>Types the given ``text`` into the text field identified by ``locator``.</doc>
<status status="NOT RUN" starttime="20220314 17:23:02.180" endtime="20220314 17:23:02.180"/>
</kw>
<kw name="Input Text" library="SeleniumLibrary">
<arg>id=emgcontacts[mobilePhone]</arg>
<arg>5678</arg>
<doc>Types the given ``text`` into the text field identified by ``locator``.</doc>
<status status="NOT RUN" starttime="20220314 17:23:02.182" endtime="20220314 17:23:02.182"/>
</kw>
<kw name="Input Text" library="SeleniumLibrary">
<arg>id=emgcontacts[workPhone]</arg>
<arg>7896</arg>
<doc>Types the given ``text`` into the text field identified by ``locator``.</doc>
<status status="NOT RUN" starttime="20220314 17:23:02.183" endtime="20220314 17:23:02.183"/>
</kw>
<kw name="Click Element" library="SeleniumLibrary">
<arg>id=btnSaveEContact</arg>
<doc>Click the element identified by ``locator``.</doc>
<status status="NOT RUN" starttime="20220314 17:23:02.184" endtime="20220314 17:23:02.184"/>
</kw>
<status status="FAIL" starttime="20220314 17:22:46.905" endtime="20220314 17:23:02.185">No keyword with name 'Maxmize Brower Window' found. Did you mean:
    SeleniumLibrary.Maximize Browser Window</status>
</test>
<status status="FAIL" starttime="20220314 17:22:27.506" endtime="20220314 17:23:02.195"/>
</suite>
<statistics>
<total>
<stat pass="0" fail="2" skip="0">All Tests</stat>
</total>
<tag>
</tag>
<suite>
<stat pass="0" fail="2" skip="0" id="s1" name="Demo1 Orangehrm Suite">Demo1 Orangehrm Suite</stat>
</suite>
</statistics>
<errors>
</errors>
</robot>
