<?xml version="1.0" encoding="UTF-8"?>
<robot generator="Robot 4.1.3 (Python 3.10.2 on win32)" generated="20220316 17:08:38.467" rpa="false" schemaversion="2">
<suite id="s1" name="Demo5 Suite" source="E:\LTS\robot_project\robot_suite\demo5_suite.robot">
<test id="s1-t1" name="TC1">
<kw name="Set Local Variable" library="BuiltIn">
<arg>${name}</arg>
<arg>apsar</arg>
<doc>Makes a variable available everywhere within the local scope.</doc>
<msg timestamp="20220316 17:08:38.677" level="INFO">${name} = apsar</msg>
<status status="PASS" starttime="20220316 17:08:38.672" endtime="20220316 17:08:38.677"/>
</kw>
<kw name="Log To Console" library="BuiltIn">
<arg>${name}</arg>
<doc>Logs the given message to the console.</doc>
<status status="PASS" starttime="20220316 17:08:38.682" endtime="20220316 17:08:38.682"/>
</kw>
<kw name="Set Variable" library="BuiltIn">
<var>${val}</var>
<arg>apsar</arg>
<doc>Returns the given values which can then be assigned to a variables.</doc>
<msg timestamp="20220316 17:08:38.682" level="INFO">${val} = apsar</msg>
<status status="PASS" starttime="20220316 17:08:38.682" endtime="20220316 17:08:38.682"/>
</kw>
<kw name="Log To Console" library="BuiltIn">
<arg>${name}</arg>
<doc>Logs the given message to the console.</doc>
<status status="PASS" starttime="20220316 17:08:38.687" endtime="20220316 17:08:38.687"/>
</kw>
<status status="PASS" starttime="20220316 17:08:38.672" endtime="20220316 17:08:38.687"/>
</test>
<test id="s1-t2" name="TC2">
<kw name="Log To Console" library="BuiltIn">
<arg>${MY_NAME}</arg>
<doc>Logs the given message to the console.</doc>
<status status="PASS" starttime="20220316 17:08:38.692" endtime="20220316 17:08:38.692"/>
</kw>
<status status="PASS" starttime="20220316 17:08:38.692" endtime="20220316 17:08:38.702"/>
</test>
<test id="s1-t3" name="TC3">
<kw name="Log To Console" library="BuiltIn">
<arg>${COLORS}</arg>
<doc>Logs the given message to the console.</doc>
<status status="PASS" starttime="20220316 17:08:38.702" endtime="20220316 17:08:38.702"/>
</kw>
<kw name="Log To Console" library="BuiltIn">
<arg>${COLORS}[0]</arg>
<doc>Logs the given message to the console.</doc>
<status status="PASS" starttime="20220316 17:08:38.702" endtime="20220316 17:08:38.712"/>
</kw>
<kw name="Get Length" library="BuiltIn">
<var>${count}</var>
<arg>${COLORS}</arg>
<doc>Returns and logs the length of the given item as an integer.</doc>
<msg timestamp="20220316 17:08:38.717" level="INFO">Length is 4</msg>
<msg timestamp="20220316 17:08:38.717" level="INFO">${count} = 4</msg>
<status status="PASS" starttime="20220316 17:08:38.717" endtime="20220316 17:08:38.717"/>
</kw>
<kw name="Log To Console" library="BuiltIn">
<arg>${count}</arg>
<doc>Logs the given message to the console.</doc>
<status status="PASS" starttime="20220316 17:08:38.717" endtime="20220316 17:08:38.717"/>
</kw>
<status status="PASS" starttime="20220316 17:08:38.702" endtime="20220316 17:08:38.722"/>
</test>
<test id="s1-t4" name="TC4">
<kw name="Create List" library="BuiltIn">
<var>@{fruits}</var>
<arg>apple</arg>
<arg>banana</arg>
<arg>mango</arg>
<arg>pineapple</arg>
<doc>Returns a list containing given items.</doc>
<msg timestamp="20220316 17:08:38.752" level="INFO">@{fruits} = [ apple | banana | mango | pineapple ]</msg>
<status status="PASS" starttime="20220316 17:08:38.752" endtime="20220316 17:08:38.752"/>
</kw>
<kw name="Log To Console" library="BuiltIn">
<arg>${fruits}</arg>
<doc>Logs the given message to the console.</doc>
<status status="PASS" starttime="20220316 17:08:38.762" endtime="20220316 17:08:38.762"/>
</kw>
<kw name="Log To Console" library="BuiltIn">
<arg>${fruits}[0]</arg>
<doc>Logs the given message to the console.</doc>
<status status="PASS" starttime="20220316 17:08:38.762" endtime="20220316 17:08:38.762"/>
</kw>
<status status="PASS" starttime="20220316 17:08:38.752" endtime="20220316 17:08:38.767"/>
</test>
<status status="PASS" starttime="20220316 17:08:38.492" endtime="20220316 17:08:38.772"/>
</suite>
<statistics>
<total>
<stat pass="4" fail="0" skip="0">All Tests</stat>
</total>
<tag>
</tag>
<suite>
<stat pass="4" fail="0" skip="0" id="s1" name="Demo5 Suite">Demo5 Suite</stat>
</suite>
</statistics>
<errors>
</errors>
</robot>
