<?xml version="1.0" encoding="UTF-8"?>
<robot generator="Robot 4.1.3 (Python 3.10.2 on win32)" generated="20220315 08:58:11.441" rpa="false" schemaversion="2">
<suite id="s1" name="Demo2 Orangehrm Suite" source="E:\LTS\robot_project\selenium_suite\demo2_orangehrm_suite.robot">
<test id="s1-t1" name="TC1">
<kw name="Append To Environment Variable" library="OperatingSystem">
<arg>Path</arg>
<arg>${EXECDIR}${/}driver${/}</arg>
<doc>Appends given ``values`` to environment variable ``name``.</doc>
<msg timestamp="20220315 08:58:12.131" level="INFO">Environment variable 'Path' set to value 'C:\Program Files\Common Files\Oracle\Java\javapath;C:\oraclexe\app\oracle\product\10.2.0\server\bin;C:\WINDOWS\system32;C:\WINDOWS;C:\WINDOWS\System32\Wbem;C:\WINDOWS\System32\WindowsPowerShell\v1.0\;C:\Program Files\nodejs\;C:\WINDOWS\System32\OpenSSH\;C:\Program Files\Git\cmd;C:\Users\Ansar Jaha\AppData\Local\Programs\Python\Python310\Scripts\;C:\Users\Ansar Jaha\AppData\Local\Programs\Python\Python310\;C:\Users\Ansar Jaha\AppData\Local\Programs\Microsoft VS Code\bin;C:\Program Files\JetBrains\PyCharm 2021.3.2\bin;;C:\Users\Ansar jaha\AppData\Local\Programs\Python310\Scripts;;E:\LTS\robot_project\driver\'.</msg>
<status status="PASS" starttime="20220315 08:58:12.128" endtime="20220315 08:58:12.131"/>
</kw>
<kw name="Open Browser" library="SeleniumLibrary">
<arg>url=https://www.goto.com/meeting/</arg>
<arg>browser=chrome</arg>
<doc>Opens a new browser instance to the optional ``url``.</doc>
<msg timestamp="20220315 08:58:12.131" level="INFO">Opening browser 'chrome' to base url 'https://www.goto.com/meeting/'.</msg>
<status status="PASS" starttime="20220315 08:58:12.131" endtime="20220315 08:59:16.676"/>
</kw>
<kw name="Maximize Browser Window" library="SeleniumLibrary">
<doc>Maximizes current browser window.</doc>
<status status="PASS" starttime="20220315 08:59:16.677" endtime="20220315 08:59:17.471"/>
</kw>
<kw name="Set Selenium Implicit Wait" library="SeleniumLibrary">
<arg>20s</arg>
<doc>Sets the implicit wait value used by Selenium.</doc>
<status status="PASS" starttime="20220315 08:59:17.472" endtime="20220315 08:59:17.513"/>
</kw>
<kw name="Click Button" library="SeleniumLibrary">
<arg>id=truste-consent-button</arg>
<doc>Clicks the button identified by ``locator``.</doc>
<msg timestamp="20220315 08:59:17.515" level="INFO">Clicking button 'id=truste-consent-button'.</msg>
<status status="PASS" starttime="20220315 08:59:17.514" endtime="20220315 08:59:18.706"/>
</kw>
<kw name="Click Element" library="SeleniumLibrary">
<arg>link=Try Free</arg>
<doc>Click the element identified by ``locator``.</doc>
<msg timestamp="20220315 08:59:18.707" level="INFO">Clicking element 'link=Try Free'.</msg>
<msg timestamp="20220315 08:59:39.092" level="INFO" html="true">&lt;/td&gt;&lt;/tr&gt;&lt;tr&gt;&lt;td colspan="3"&gt;&lt;a href="selenium-screenshot-10.png"&gt;&lt;img src="selenium-screenshot-10.png" width="800px"&gt;&lt;/a&gt;</msg>
<msg timestamp="20220315 08:59:39.951" level="FAIL">Element with locator 'link=Try Free' not found.</msg>
<status status="FAIL" starttime="20220315 08:59:18.707" endtime="20220315 08:59:39.951"/>
</kw>
<kw name="Input Text" library="SeleniumLibrary">
<arg>id=first-name</arg>
<arg>John</arg>
<doc>Types the given ``text`` into the text field identified by ``locator``.</doc>
<status status="NOT RUN" starttime="20220315 08:59:39.967" endtime="20220315 08:59:39.967"/>
</kw>
<kw name="Input Text" library="SeleniumLibrary">
<arg>id=last-name</arg>
<arg>wick</arg>
<doc>Types the given ``text`` into the text field identified by ``locator``.</doc>
<status status="NOT RUN" starttime="20220315 08:59:39.967" endtime="20220315 08:59:39.967"/>
</kw>
<kw name="Input Text" library="SeleniumLibrary">
<arg>id=login__email</arg>
<arg>john@gmail.com</arg>
<doc>Types the given ``text`` into the text field identified by ``locator``.</doc>
<status status="NOT RUN" starttime="20220315 08:59:39.967" endtime="20220315 08:59:39.967"/>
</kw>
<kw name="Input Text" library="SeleniumLibrary">
<arg>id=login__password</arg>
<arg>johnwick123</arg>
<doc>Types the given ``text`` into the text field identified by ``locator``.</doc>
<status status="NOT RUN" starttime="20220315 08:59:39.967" endtime="20220315 08:59:39.967"/>
</kw>
<kw name="Click Element" library="SeleniumLibrary">
<arg>id=CompanySize</arg>
<doc>Click the element identified by ``locator``.</doc>
<status status="NOT RUN" starttime="20220315 08:59:39.967" endtime="20220315 08:59:39.967"/>
</kw>
<kw name="Select From List By Value" library="SeleniumLibrary">
<arg>id=CompanySize</arg>
<arg>10 - 99</arg>
<doc>Selects options from selection list ``locator`` by ``values``.</doc>
<status status="NOT RUN" starttime="20220315 08:59:39.967" endtime="20220315 08:59:39.967"/>
</kw>
<kw name="Click Button" library="SeleniumLibrary">
<arg>xpath=//*[@id="app"]/section/div[2]/form/section/div/div/div[7]/button</arg>
<doc>Clicks the button identified by ``locator``.</doc>
<status status="NOT RUN" starttime="20220315 08:59:39.967" endtime="20220315 08:59:39.967"/>
</kw>
<status status="FAIL" starttime="20220315 08:58:12.127" endtime="20220315 08:59:39.967">Element with locator 'link=Try Free' not found.</status>
</test>
<status status="FAIL" starttime="20220315 08:58:11.457" endtime="20220315 08:59:39.983"/>
</suite>
<statistics>
<total>
<stat pass="0" fail="1" skip="0">All Tests</stat>
</total>
<tag>
</tag>
<suite>
<stat pass="0" fail="1" skip="0" id="s1" name="Demo2 Orangehrm Suite">Demo2 Orangehrm Suite</stat>
</suite>
</statistics>
<errors>
</errors>
</robot>
