<?xml version="1.0" encoding="UTF-8"?>
<robot generator="Robot 4.1.3 (Python 3.10.2 on win32)" generated="20220314 17:49:03.404" rpa="false" schemaversion="2">
<suite id="s1" name="Demo1 Orangehrm Suite" source="E:\LTS\robot_project\selenium_suite\demo1_orangehrm_suite.robot">
<test id="s1-t1" name="TC1">
<kw name="Append To Environment Variable" library="OperatingSystem">
<arg>Path</arg>
<arg>${EXECDIR}${/}driver${/}</arg>
<doc>Appends given ``values`` to environment variable ``name``.</doc>
<msg timestamp="20220314 17:49:09.918" level="INFO">Environment variable 'Path' set to value 'C:\Program Files\Common Files\Oracle\Java\javapath;C:\oraclexe\app\oracle\product\10.2.0\server\bin;C:\WINDOWS\system32;C:\WINDOWS;C:\WINDOWS\System32\Wbem;C:\WINDOWS\System32\WindowsPowerShell\v1.0\;C:\Program Files\nodejs\;C:\WINDOWS\System32\OpenSSH\;C:\Program Files\Git\cmd;C:\Users\Ansar Jaha\AppData\Local\Programs\Python\Python310\Scripts\;C:\Users\Ansar Jaha\AppData\Local\Programs\Python\Python310\;C:\Users\Ansar Jaha\AppData\Local\Programs\Microsoft VS Code\bin;C:\Program Files\JetBrains\PyCharm 2021.3.2\bin;;C:\Users\Ansar jaha\AppData\Local\Programs\Python310\Scripts;;E:\LTS\robot_project\driver\'.</msg>
<status status="PASS" starttime="20220314 17:49:09.851" endtime="20220314 17:49:09.919"/>
</kw>
<kw name="Open Browser" library="SeleniumLibrary">
<arg>url=https://opensource-demo.orangehrmlive.com/</arg>
<arg>browser=chrome</arg>
<doc>Opens a new browser instance to the optional ``url``.</doc>
<msg timestamp="20220314 17:49:09.921" level="INFO">Opening browser 'chrome' to base url 'https://opensource-demo.orangehrmlive.com/'.</msg>
<status status="PASS" starttime="20220314 17:49:09.920" endtime="20220314 17:51:27.155"/>
</kw>
<kw name="Maxmize Brower Window">
<msg timestamp="20220314 17:51:27.175" level="FAIL">No keyword with name 'Maxmize Brower Window' found. Did you mean:
    SeleniumLibrary.Maximize Browser Window</msg>
<status status="FAIL" starttime="20220314 17:51:27.175" endtime="20220314 17:51:27.176"/>
</kw>
<kw name="Set Selenium Implict Wait 20s">
<status status="NOT RUN" starttime="20220314 17:51:27.193" endtime="20220314 17:51:27.193"/>
</kw>
<kw name="Input Text" library="SeleniumLibrary">
<arg>id=txtUsername</arg>
<arg>Admin</arg>
<doc>Types the given ``text`` into the text field identified by ``locator``.</doc>
<status status="NOT RUN" starttime="20220314 17:51:27.194" endtime="20220314 17:51:27.194"/>
</kw>
<kw name="Input Password" library="SeleniumLibrary">
<arg>id=txtPassword</arg>
<arg>admin123</arg>
<doc>Types the given password into the text field identified by ``locator``.</doc>
<status status="NOT RUN" starttime="20220314 17:51:27.195" endtime="20220314 17:51:27.195"/>
</kw>
<kw name="Click Element" library="SeleniumLibrary">
<arg>id=btnLogin</arg>
<doc>Click the element identified by ``locator``.</doc>
<status status="NOT RUN" starttime="20220314 17:51:27.196" endtime="20220314 17:51:27.196"/>
</kw>
<kw name="Page Should Contain" library="SeleniumLibrary">
<arg>My Info</arg>
<doc>Verifies that current page contains ``text``.</doc>
<status status="NOT RUN" starttime="20220314 17:51:27.197" endtime="20220314 17:51:27.197"/>
</kw>
<kw name="Click Element" library="SeleniumLibrary">
<arg>id=welcome</arg>
<doc>Click the element identified by ``locator``.</doc>
<status status="NOT RUN" starttime="20220314 17:51:27.198" endtime="20220314 17:51:27.198"/>
</kw>
<kw name="Click Element" library="SeleniumLibrary">
<arg>link=Logout</arg>
<doc>Click the element identified by ``locator``.</doc>
<status status="NOT RUN" starttime="20220314 17:51:27.199" endtime="20220314 17:51:27.199"/>
</kw>
<status status="FAIL" starttime="20220314 17:49:09.849" endtime="20220314 17:51:27.200">No keyword with name 'Maxmize Brower Window' found. Did you mean:
    SeleniumLibrary.Maximize Browser Window</status>
</test>
<test id="s1-t2" name="TC2">
<kw name="Append To Environment Variable" library="OperatingSystem">
<arg>Path</arg>
<arg>${EXECDIR}${/}driver${/}</arg>
<doc>Appends given ``values`` to environment variable ``name``.</doc>
<msg timestamp="20220314 17:51:27.424" level="INFO">Environment variable 'Path' set to value 'C:\Program Files\Common Files\Oracle\Java\javapath;C:\oraclexe\app\oracle\product\10.2.0\server\bin;C:\WINDOWS\system32;C:\WINDOWS;C:\WINDOWS\System32\Wbem;C:\WINDOWS\System32\WindowsPowerShell\v1.0\;C:\Program Files\nodejs\;C:\WINDOWS\System32\OpenSSH\;C:\Program Files\Git\cmd;C:\Users\Ansar Jaha\AppData\Local\Programs\Python\Python310\Scripts\;C:\Users\Ansar Jaha\AppData\Local\Programs\Python\Python310\;C:\Users\Ansar Jaha\AppData\Local\Programs\Microsoft VS Code\bin;C:\Program Files\JetBrains\PyCharm 2021.3.2\bin;;C:\Users\Ansar jaha\AppData\Local\Programs\Python310\Scripts;;E:\LTS\robot_project\driver\;E:\LTS\robot_project\driver\'.</msg>
<status status="PASS" starttime="20220314 17:51:27.423" endtime="20220314 17:51:27.424"/>
</kw>
<kw name="Open Browser" library="SeleniumLibrary">
<arg>url=https://opensource-demo.orangehrmlive.com/</arg>
<arg>browser=chrome</arg>
<doc>Opens a new browser instance to the optional ``url``.</doc>
<msg timestamp="20220314 17:51:27.424" level="INFO">Opening browser 'chrome' to base url 'https://opensource-demo.orangehrmlive.com/'.</msg>
<status status="PASS" starttime="20220314 17:51:27.424" endtime="20220314 17:52:16.295"/>
</kw>
<kw name="Maximize Browser Window" library="SeleniumLibrary">
<doc>Maximizes current browser window.</doc>
<status status="PASS" starttime="20220314 17:52:16.296" endtime="20220314 17:52:17.613"/>
</kw>
<kw name="Set Selenium Implicit Wait" library="SeleniumLibrary">
<arg>20s</arg>
<doc>Sets the implicit wait value used by Selenium.</doc>
<status status="PASS" starttime="20220314 17:52:17.614" endtime="20220314 17:52:17.623"/>
</kw>
<kw name="Input Text" library="SeleniumLibrary">
<arg>id=txtUsername</arg>
<arg>Admin</arg>
<doc>Types the given ``text`` into the text field identified by ``locator``.</doc>
<msg timestamp="20220314 17:52:17.625" level="INFO">Typing text 'Admin' into text field 'id=txtUsername'.</msg>
<status status="PASS" starttime="20220314 17:52:17.624" endtime="20220314 17:52:26.990"/>
</kw>
<kw name="Input Password" library="SeleniumLibrary">
<arg>id=txtPassword</arg>
<arg>admin123</arg>
<doc>Types the given password into the text field identified by ``locator``.</doc>
<msg timestamp="20220314 17:52:26.992" level="INFO">Typing password into text field 'id=txtPassword'.</msg>
<msg timestamp="20220314 17:52:27.101" level="INFO">Temporally setting log level to: NONE</msg>
<msg timestamp="20220314 17:52:27.989" level="INFO">Log level changed from NONE to INFO.</msg>
<status status="PASS" starttime="20220314 17:52:26.991" endtime="20220314 17:52:27.989"/>
</kw>
<kw name="Click Element" library="SeleniumLibrary">
<arg>id=btnLogin</arg>
<doc>Click the element identified by ``locator``.</doc>
<msg timestamp="20220314 17:52:27.991" level="INFO">Clicking element 'id=btnLogin'.</msg>
<status status="PASS" starttime="20220314 17:52:27.990" endtime="20220314 17:52:36.484"/>
</kw>
<kw name="Page Should Contain" library="SeleniumLibrary">
<arg>My Info</arg>
<doc>Verifies that current page contains ``text``.</doc>
<msg timestamp="20220314 17:52:41.709" level="INFO">Current page contains text 'My Info'.</msg>
<status status="PASS" starttime="20220314 17:52:36.485" endtime="20220314 17:52:41.709"/>
</kw>
<kw name="Click Element" library="SeleniumLibrary">
<arg>link=My Info</arg>
<doc>Click the element identified by ``locator``.</doc>
<msg timestamp="20220314 17:52:41.712" level="INFO">Clicking element 'link=My Info'.</msg>
<status status="PASS" starttime="20220314 17:52:41.711" endtime="20220314 17:52:48.509"/>
</kw>
<kw name="Click Element" library="SeleniumLibrary">
<arg>link=Emergency Contacts</arg>
<doc>Click the element identified by ``locator``.</doc>
<msg timestamp="20220314 17:52:48.511" level="INFO">Clicking element 'link=Emergency Contacts'.</msg>
<status status="PASS" starttime="20220314 17:52:48.510" endtime="20220314 17:52:51.311"/>
</kw>
<kw name="Click Element" library="SeleniumLibrary">
<arg>id=btnAddContact</arg>
<doc>Click the element identified by ``locator``.</doc>
<msg timestamp="20220314 17:52:51.317" level="INFO">Clicking element 'id=btnAddContact'.</msg>
<status status="PASS" starttime="20220314 17:52:51.315" endtime="20220314 17:52:51.822"/>
</kw>
<kw name="Input Text" library="SeleniumLibrary">
<arg>id=emgcontacts_name</arg>
<arg>Apsar jaha</arg>
<doc>Types the given ``text`` into the text field identified by ``locator``.</doc>
<msg timestamp="20220314 17:52:51.826" level="INFO">Typing text 'Apsar jaha' into text field 'id=emgcontacts_name'.</msg>
<status status="PASS" starttime="20220314 17:52:51.825" endtime="20220314 17:52:52.727"/>
</kw>
<kw name="Input Text" library="SeleniumLibrary">
<arg>id=emgcontacts_relationship</arg>
<arg>Brother</arg>
<doc>Types the given ``text`` into the text field identified by ``locator``.</doc>
<msg timestamp="20220314 17:52:52.730" level="INFO">Typing text 'Brother' into text field 'id=emgcontacts_relationship'.</msg>
<status status="PASS" starttime="20220314 17:52:52.729" endtime="20220314 17:52:53.266"/>
</kw>
<kw name="Input Text" library="SeleniumLibrary">
<arg>id=emgcontacts_homePhone</arg>
<arg>1234</arg>
<doc>Types the given ``text`` into the text field identified by ``locator``.</doc>
<msg timestamp="20220314 17:52:53.269" level="INFO">Typing text '1234' into text field 'id=emgcontacts_homePhone'.</msg>
<status status="PASS" starttime="20220314 17:52:53.268" endtime="20220314 17:52:53.998"/>
</kw>
<kw name="Click Element" library="SeleniumLibrary">
<arg>id=btnSaveEContact</arg>
<doc>Click the element identified by ``locator``.</doc>
<msg timestamp="20220314 17:52:53.999" level="INFO">Clicking element 'id=btnSaveEContact'.</msg>
<status status="PASS" starttime="20220314 17:52:53.999" endtime="20220314 17:52:55.997"/>
</kw>
<kw name="Table Should Contain" library="SeleniumLibrary">
<arg>id=emgcontact_list</arg>
<arg>Apsar jaha</arg>
<doc>Verifies table contains text ``expected``.</doc>
<status status="PASS" starttime="20220314 17:52:55.998" endtime="20220314 17:52:56.796"/>
</kw>
<kw name="Table Should Contain" library="SeleniumLibrary">
<arg>id=emgcontact_list</arg>
<arg>5678</arg>
<doc>Verifies table contains text ``expected``.</doc>
<msg timestamp="20220314 17:52:58.556" level="INFO" html="true">&lt;/td&gt;&lt;/tr&gt;&lt;tr&gt;&lt;td colspan="3"&gt;&lt;a href="selenium-screenshot-9.png"&gt;&lt;img src="selenium-screenshot-9.png" width="800px"&gt;&lt;/a&gt;</msg>
<msg timestamp="20220314 17:52:58.684" level="FAIL">Table 'id=emgcontact_list' did not contain text '5678'.</msg>
<status status="FAIL" starttime="20220314 17:52:56.797" endtime="20220314 17:52:58.684"/>
</kw>
<status status="FAIL" starttime="20220314 17:51:27.421" endtime="20220314 17:52:58.688">Table 'id=emgcontact_list' did not contain text '5678'.</status>
</test>
<status status="FAIL" starttime="20220314 17:49:03.427" endtime="20220314 17:52:58.697"/>
</suite>
<statistics>
<total>
<stat pass="0" fail="2" skip="0">All Tests</stat>
</total>
<tag>
</tag>
<suite>
<stat pass="0" fail="2" skip="0" id="s1" name="Demo1 Orangehrm Suite">Demo1 Orangehrm Suite</stat>
</suite>
</statistics>
<errors>
</errors>
</robot>
