<?xml version="1.0" encoding="UTF-8"?>
<robot generator="Robot 4.1.3 (Python 3.10.2 on win32)" generated="20220318 17:34:04.183" rpa="false" schemaversion="2">
<suite id="s1" name="Demo16 Dynamicpage Suite" source="E:\LTS\robot_project\selenium_suite\demo16_dynamicpage_suite.robot">
<test id="s1-t1" name="TC1">
<kw name="Open Browser" library="SeleniumLibrary">
<arg>browser=chrome</arg>
<arg>executable_path=${EXECDIR}${/}driver${/}chromedriver.exe</arg>
<doc>Opens a new browser instance to the optional ``url``.</doc>
<msg timestamp="20220318 17:34:05.368" level="INFO">Opening browser 'chrome' to base url 'None'.</msg>
<status status="PASS" starttime="20220318 17:34:05.367" endtime="20220318 17:35:02.999"/>
</kw>
<kw name="Maximize Browser Window" library="SeleniumLibrary">
<doc>Maximizes current browser window.</doc>
<status status="PASS" starttime="20220318 17:35:03.098" endtime="20220318 17:35:03.239"/>
</kw>
<kw name="Set Selenium Implicit Wait" library="SeleniumLibrary">
<arg>20s</arg>
<doc>Sets the implicit wait value used by Selenium.</doc>
<status status="PASS" starttime="20220318 17:35:03.240" endtime="20220318 17:35:03.311"/>
</kw>
<kw name="Go To" library="SeleniumLibrary">
<arg>url=https://phptravels.net/hotels</arg>
<doc>Navigates the current browser window to the provided ``url``.</doc>
<msg timestamp="20220318 17:35:03.314" level="INFO">Opening url 'https://phptravels.net/hotels'</msg>
<status status="PASS" starttime="20220318 17:35:03.313" endtime="20220318 17:35:27.942"/>
</kw>
<kw name="Click Element" library="SeleniumLibrary">
<arg>id=select2-hotels_city-container</arg>
<doc>Click the element identified by ``locator``.</doc>
<msg timestamp="20220318 17:35:27.944" level="INFO">Clicking element 'id=select2-hotels_city-container'.</msg>
<status status="PASS" starttime="20220318 17:35:27.943" endtime="20220318 17:35:58.022"/>
</kw>
<kw name="Input Text" library="SeleniumLibrary">
<arg>xpath=//input[@role='searchbox']</arg>
<arg>chennai</arg>
<doc>Types the given ``text`` into the text field identified by ``locator``.</doc>
<msg timestamp="20220318 17:35:58.024" level="INFO">Typing text 'chennai' into text field 'xpath=//input[@role='searchbox']'.</msg>
<status status="PASS" starttime="20220318 17:35:58.023" endtime="20220318 17:36:11.087"/>
</kw>
<kw name="Sleep" library="BuiltIn">
<arg>1s</arg>
<doc>Pauses the test executed for the given time.</doc>
<msg timestamp="20220318 17:36:12.091" level="INFO">Slept 1 second</msg>
<status status="PASS" starttime="20220318 17:36:11.089" endtime="20220318 17:36:12.091"/>
</kw>
<kw name="Click Element" library="SeleniumLibrary">
<arg>xpath=//li[text()='Chennai,India']</arg>
<doc>Click the element identified by ``locator``.</doc>
<msg timestamp="20220318 17:36:12.097" level="INFO">Clicking element 'xpath=//li[text()='Chennai,India']'.</msg>
<status status="PASS" starttime="20220318 17:36:12.096" endtime="20220318 17:36:43.123"/>
</kw>
<kw name="Execute Javascript" library="SeleniumLibrary">
<arg>document.querySelector('#checkin').value='25-03-2022'</arg>
<doc>Executes the given JavaScript code with possible arguments.</doc>
<msg timestamp="20220318 17:36:43.127" level="INFO">Executing JavaScript:
document.querySelector('#checkin').value='25-03-2022'
Without any arguments.</msg>
<status status="PASS" starttime="20220318 17:36:43.125" endtime="20220318 17:36:43.471"/>
</kw>
<kw name="Execute Javascript" library="SeleniumLibrary">
<arg>document.querySelector('[id=checkout]').value='28-03-2022'</arg>
<doc>Executes the given JavaScript code with possible arguments.</doc>
<msg timestamp="20220318 17:36:43.474" level="INFO">Executing JavaScript:
document.querySelector('[id=checkout]').value='28-03-2022'
Without any arguments.</msg>
<status status="PASS" starttime="20220318 17:36:43.473" endtime="20220318 17:36:43.494"/>
</kw>
<kw name="Click Element" library="SeleniumLibrary">
<arg>xpath=//p[contains(text(),'Travellers')]</arg>
<doc>Click the element identified by ``locator``.</doc>
<msg timestamp="20220318 17:36:43.496" level="INFO">Clicking element 'xpath=//p[contains(text(),'Travellers')]'.</msg>
<status status="PASS" starttime="20220318 17:36:43.495" endtime="20220318 17:36:44.216"/>
</kw>
<kw name="Click Element" library="SeleniumLibrary">
<arg>xpath=//i[@class='la la-plus']</arg>
<doc>Click the element identified by ``locator``.</doc>
<msg timestamp="20220318 17:36:44.218" level="INFO">Clicking element 'xpath=//i[@class='la la-plus']'.</msg>
<status status="PASS" starttime="20220318 17:36:44.218" endtime="20220318 17:36:45.715"/>
</kw>
<kw name="Click Element" library="SeleniumLibrary">
<arg>xpath=(//i[@class='la la-plus'])[3]</arg>
<doc>Click the element identified by ``locator``.</doc>
<msg timestamp="20220318 17:36:45.717" level="INFO">Clicking element 'xpath=(//i[@class='la la-plus'])[3]'.</msg>
<status status="PASS" starttime="20220318 17:36:45.716" endtime="20220318 17:36:46.163"/>
</kw>
<kw name="Click Element" library="SeleniumLibrary">
<arg>xpath=(//i[@class='la la-plus'])[3]</arg>
<doc>Click the element identified by ``locator``.</doc>
<msg timestamp="20220318 17:36:46.165" level="INFO">Clicking element 'xpath=(//i[@class='la la-plus'])[3]'.</msg>
<status status="PASS" starttime="20220318 17:36:46.164" endtime="20220318 17:36:46.329"/>
</kw>
<kw name="Select From List By Label" library="SeleniumLibrary">
<arg>id=nationality</arg>
<arg>India</arg>
<doc>Selects options from selection list ``locator`` by ``labels``.</doc>
<msg timestamp="20220318 17:36:46.331" level="INFO">Selecting options from selection list 'id=nationality' by label India.</msg>
<status status="PASS" starttime="20220318 17:36:46.330" endtime="20220318 17:36:47.772"/>
</kw>
<kw name="Click Element" library="SeleniumLibrary">
<arg>xpath=//span[contains(text(),'Search')]</arg>
<doc>Click the element identified by ``locator``.</doc>
<msg timestamp="20220318 17:36:47.774" level="INFO">Clicking element 'xpath=//span[contains(text(),'Search')]'.</msg>
<status status="PASS" starttime="20220318 17:36:47.773" endtime="20220318 17:37:03.210"/>
</kw>
<kw name="Get Text" library="SeleniumLibrary">
<var>${inner_text}</var>
<arg>xpath=//div[@class='breadcrumb-content']</arg>
<doc>Returns the text value of the element identified by ``locator``.</doc>
<msg timestamp="20220318 17:37:05.805" level="INFO">${inner_text} = Search Hotels In Chennai
3 Nights ( 25-03-2022 - 28-03-2022 )
4 Adults 0 Childs 2 Rooms</msg>
<status status="PASS" starttime="20220318 17:37:03.211" endtime="20220318 17:37:05.806"/>
</kw>
<kw name="Log To Console" library="BuiltIn">
<arg>${inner_text}</arg>
<doc>Logs the given message to the console.</doc>
<status status="PASS" starttime="20220318 17:37:05.824" endtime="20220318 17:37:05.977"/>
</kw>
<kw name="Element Should Contain" library="SeleniumLibrary">
<arg>xpath=//div[@class='breadcrumb-content']</arg>
<arg>Chennai</arg>
<doc>Verifies that element ``locator`` contains text ``expected``.</doc>
<msg timestamp="20220318 17:37:06.120" level="INFO">Element 'xpath=//div[@class='breadcrumb-content']' contains text 'Chennai'.</msg>
<status status="PASS" starttime="20220318 17:37:05.981" endtime="20220318 17:37:06.120"/>
</kw>
<kw name="Element Should Contain" library="SeleniumLibrary">
<arg>xpath=//div[@class='breadcrumb-content']</arg>
<arg>25-03-2022</arg>
<doc>Verifies that element ``locator`` contains text ``expected``.</doc>
<msg timestamp="20220318 17:37:06.201" level="INFO">Element 'xpath=//div[@class='breadcrumb-content']' contains text '25-03-2022'.</msg>
<status status="PASS" starttime="20220318 17:37:06.121" endtime="20220318 17:37:06.202"/>
</kw>
<kw name="Element Should Contain" library="SeleniumLibrary">
<arg>xpath=//div[@class='breadcrumb-content']</arg>
<arg>28-03-2022</arg>
<doc>Verifies that element ``locator`` contains text ``expected``.</doc>
<msg timestamp="20220318 17:37:06.337" level="INFO">Element 'xpath=//div[@class='breadcrumb-content']' contains text '28-03-2022'.</msg>
<status status="PASS" starttime="20220318 17:37:06.203" endtime="20220318 17:37:06.337"/>
</kw>
<status status="PASS" starttime="20220318 17:34:05.365" endtime="20220318 17:37:06.338"/>
</test>
<status status="PASS" starttime="20220318 17:34:04.188" endtime="20220318 17:37:06.354"/>
</suite>
<statistics>
<total>
<stat pass="1" fail="0" skip="0">All Tests</stat>
</total>
<tag>
</tag>
<suite>
<stat pass="1" fail="0" skip="0" id="s1" name="Demo16 Dynamicpage Suite">Demo16 Dynamicpage Suite</stat>
</suite>
</statistics>
<errors>
</errors>
</robot>
