<?xml version="1.0" encoding="UTF-8"?>
<robot generator="Robot 4.1.3 (Python 3.10.2 on win32)" generated="20220315 11:58:01.010" rpa="false" schemaversion="2">
<suite id="s1" name="Demo3 Medibuddy Tabs Suite" source="E:\LTS\robot_project\selenium_suite\demo3_medibuddy_tabs_suite.robot">
<test id="s1-t1" name="TC1">
<kw name="Open Browser" library="SeleniumLibrary">
<arg>browser=chrome</arg>
<arg>executable_path=${EXECDIR}${/}driver${/}chromedriver.exe</arg>
<doc>Opens a new browser instance to the optional ``url``.</doc>
<msg timestamp="20220315 11:58:01.780" level="INFO">Opening browser 'chrome' to base url 'None'.</msg>
<status status="PASS" starttime="20220315 11:58:01.780" endtime="20220315 11:59:21.180"/>
</kw>
<kw name="Maximize Browser Window" library="SeleniumLibrary">
<doc>Maximizes current browser window.</doc>
<status status="PASS" starttime="20220315 11:59:21.185" endtime="20220315 11:59:22.270"/>
</kw>
<kw name="Set Selenium Implicit Wait" library="SeleniumLibrary">
<arg>20s</arg>
<doc>Sets the implicit wait value used by Selenium.</doc>
<status status="PASS" starttime="20220315 11:59:22.270" endtime="20220315 11:59:22.330"/>
</kw>
<kw name="Go To" library="SeleniumLibrary">
<arg>url=https://www.medibuddy.in/</arg>
<doc>Navigates the current browser window to the provided ``url``.</doc>
<msg timestamp="20220315 11:59:22.335" level="INFO">Opening url 'https://www.medibuddy.in/'</msg>
<status status="PASS" starttime="20220315 11:59:22.335" endtime="20220315 12:00:22.910"/>
</kw>
<kw name="Click Button" library="SeleniumLibrary">
<arg>xpath=//button[text()='Not Now']</arg>
<doc>Clicks the button identified by ``locator``.</doc>
<msg timestamp="20220315 12:00:22.910" level="INFO">Clicking button 'xpath=//button[text()='Not Now']'.</msg>
<status status="PASS" starttime="20220315 12:00:22.910" endtime="20220315 12:01:13.235"/>
</kw>
<kw name="Click Element" library="SeleniumLibrary">
<arg>link=For Employer</arg>
<doc>Click the element identified by ``locator``.</doc>
<msg timestamp="20220315 12:01:13.240" level="INFO">Clicking element 'link=For Employer'.</msg>
<status status="PASS" starttime="20220315 12:01:13.235" endtime="20220315 12:01:15.910"/>
</kw>
<kw name="Switch Browser" library="SeleniumLibrary">
<arg>MediBuddy LaunchPad</arg>
<doc>Switches between active browsers using ``index_or_alias``.</doc>
<msg timestamp="20220315 12:01:19.380" level="INFO" html="true">&lt;/td&gt;&lt;/tr&gt;&lt;tr&gt;&lt;td colspan="3"&gt;&lt;a href="selenium-screenshot-13.png"&gt;&lt;img src="selenium-screenshot-13.png" width="800px"&gt;&lt;/a&gt;</msg>
<msg timestamp="20220315 12:01:19.810" level="FAIL">No browser with index or alias 'MediBuddy LaunchPad' found.</msg>
<status status="FAIL" starttime="20220315 12:01:15.910" endtime="20220315 12:01:19.810"/>
</kw>
<kw name="Input Text" library="SeleniumLibrary">
<arg>id=getInTouchName</arg>
<arg>Apsar</arg>
<doc>Types the given ``text`` into the text field identified by ``locator``.</doc>
<status status="NOT RUN" starttime="20220315 12:01:19.810" endtime="20220315 12:01:19.810"/>
</kw>
<kw name="Input Text" library="SeleniumLibrary">
<arg>id=getInTouchEmail</arg>
<arg>Apsar@gmail.com</arg>
<doc>Types the given ``text`` into the text field identified by ``locator``.</doc>
<status status="NOT RUN" starttime="20220315 12:01:19.810" endtime="20220315 12:01:19.810"/>
</kw>
<kw name="Input Text" library="SeleniumLibrary">
<arg>id=getInTouchMobile</arg>
<arg>123456</arg>
<doc>Types the given ``text`` into the text field identified by ``locator``.</doc>
<status status="NOT RUN" starttime="20220315 12:01:19.810" endtime="20220315 12:01:19.810"/>
</kw>
<kw name="Input Text" library="SeleniumLibrary">
<arg>id=getInTouchDesigination</arg>
<arg>employee</arg>
<doc>Types the given ``text`` into the text field identified by ``locator``.</doc>
<status status="NOT RUN" starttime="20220315 12:01:19.810" endtime="20220315 12:01:19.810"/>
</kw>
<kw name="Input Text" library="SeleniumLibrary">
<arg>id=getInTouchEMPCount</arg>
<arg>1</arg>
<doc>Types the given ``text`` into the text field identified by ``locator``.</doc>
<status status="NOT RUN" starttime="20220315 12:01:19.810" endtime="20220315 12:01:19.810"/>
</kw>
<status status="FAIL" starttime="20220315 11:58:01.780" endtime="20220315 12:01:19.870">No browser with index or alias 'MediBuddy LaunchPad' found.</status>
</test>
<status status="FAIL" starttime="20220315 11:58:01.010" endtime="20220315 12:01:19.949"/>
</suite>
<statistics>
<total>
<stat pass="0" fail="1" skip="0">All Tests</stat>
</total>
<tag>
</tag>
<suite>
<stat pass="0" fail="1" skip="0" id="s1" name="Demo3 Medibuddy Tabs Suite">Demo3 Medibuddy Tabs Suite</stat>
</suite>
</statistics>
<errors>
</errors>
</robot>
