<?xml version="1.0" encoding="UTF-8"?>
<robot generator="Robot 4.1.3 (Python 3.10.2 on win32)" generated="20220314 15:53:17.936" rpa="false" schemaversion="2">
<suite id="s1" name="Demo1 Orangehrm Suite" source="E:\LTS\robot_project\selenium_suite\demo1_orangehrm_suite.robot">
<test id="s1-t1" name="TC1">
<kw name="Append To Environment Variable" library="OperatingSystem">
<arg>Path</arg>
<arg>${EXECDIR}${/}driver${/}</arg>
<doc>Appends given ``values`` to environment variable ``name``.</doc>
<msg timestamp="20220314 15:53:18.707" level="INFO">Environment variable 'Path' set to value 'C:\Program Files\Common Files\Oracle\Java\javapath;C:\oraclexe\app\oracle\product\10.2.0\server\bin;C:\WINDOWS\system32;C:\WINDOWS;C:\WINDOWS\System32\Wbem;C:\WINDOWS\System32\WindowsPowerShell\v1.0\;C:\Program Files\nodejs\;C:\WINDOWS\System32\OpenSSH\;C:\Program Files\Git\cmd;C:\Users\Ansar Jaha\AppData\Local\Programs\Python\Python310\Scripts\;C:\Users\Ansar Jaha\AppData\Local\Programs\Python\Python310\;C:\Users\Ansar Jaha\AppData\Local\Programs\Microsoft VS Code\bin;C:\Program Files\JetBrains\PyCharm 2021.3.2\bin;;C:\Users\Ansar jaha\AppData\Local\Programs\Python310\Scripts;;E:\LTS\robot_project\driver\'.</msg>
<status status="PASS" starttime="20220314 15:53:18.707" endtime="20220314 15:53:18.707"/>
</kw>
<kw name="Open Browser" library="SeleniumLibrary">
<arg>url=https://opensource-demo.orangehrmlive.com/</arg>
<arg>browser=chrome</arg>
<doc>Opens a new browser instance to the optional ``url``.</doc>
<msg timestamp="20220314 15:53:18.707" level="INFO">Opening browser 'chrome' to base url 'https://opensource-demo.orangehrmlive.com/'.</msg>
<status status="PASS" starttime="20220314 15:53:18.707" endtime="20220314 15:53:36.446"/>
</kw>
<status status="PASS" starttime="20220314 15:53:18.707" endtime="20220314 15:53:36.446"/>
</test>
<test id="s1-t2" name="Maxmize Brower Window">
<kw name="Input Text" library="SeleniumLibrary">
<arg>id=txtUsername</arg>
<arg>Admin</arg>
<doc>Types the given ``text`` into the text field identified by ``locator``.</doc>
<msg timestamp="20220314 15:53:36.494" level="INFO">Typing text 'Admin' into text field 'id=txtUsername'.</msg>
<status status="PASS" starttime="20220314 15:53:36.487" endtime="20220314 15:53:37.226"/>
</kw>
<kw name="Input Password" library="SeleniumLibrary">
<arg>id=txtPassword</arg>
<arg>admin123</arg>
<doc>Types the given password into the text field identified by ``locator``.</doc>
<msg timestamp="20220314 15:53:37.236" level="INFO">Typing password into text field 'id=txtPassword'.</msg>
<msg timestamp="20220314 15:53:37.386" level="INFO">Temporally setting log level to: NONE</msg>
<msg timestamp="20220314 15:53:37.541" level="INFO">Log level changed from NONE to INFO.</msg>
<status status="PASS" starttime="20220314 15:53:37.236" endtime="20220314 15:53:37.541"/>
</kw>
<kw name="Click Element" library="SeleniumLibrary">
<arg>id=btnLogin</arg>
<doc>Click the element identified by ``locator``.</doc>
<msg timestamp="20220314 15:53:37.541" level="INFO">Clicking element 'id=btnLogin'.</msg>
<status status="PASS" starttime="20220314 15:53:37.541" endtime="20220314 15:53:44.681"/>
</kw>
<kw name="Page Should Contain" library="SeleniumLibrary">
<arg>My Info</arg>
<doc>Verifies that current page contains ``text``.</doc>
<msg timestamp="20220314 15:53:44.717" level="INFO">Current page contains text 'My Info'.</msg>
<status status="PASS" starttime="20220314 15:53:44.686" endtime="20220314 15:53:44.717"/>
</kw>
<kw name="Click Element" library="SeleniumLibrary">
<arg>id=welcome</arg>
<doc>Click the element identified by ``locator``.</doc>
<msg timestamp="20220314 15:53:44.726" level="INFO">Clicking element 'id=welcome'.</msg>
<status status="PASS" starttime="20220314 15:53:44.726" endtime="20220314 15:53:44.821"/>
</kw>
<kw name="Sleep" library="BuiltIn">
<arg>5s</arg>
<doc>Pauses the test executed for the given time.</doc>
<msg timestamp="20220314 15:53:49.827" level="INFO">Slept 5 seconds</msg>
<status status="PASS" starttime="20220314 15:53:44.821" endtime="20220314 15:53:49.827"/>
</kw>
<kw name="Click Element" library="SeleniumLibrary">
<arg>link=Logout</arg>
<doc>Click the element identified by ``locator``.</doc>
<msg timestamp="20220314 15:53:49.827" level="INFO">Clicking element 'link=Logout'.</msg>
<status status="PASS" starttime="20220314 15:53:49.827" endtime="20220314 15:53:52.061"/>
</kw>
<status status="PASS" starttime="20220314 15:53:36.487" endtime="20220314 15:53:52.066"/>
</test>
<status status="PASS" starttime="20220314 15:53:17.956" endtime="20220314 15:53:52.066"/>
</suite>
<statistics>
<total>
<stat pass="2" fail="0" skip="0">All Tests</stat>
</total>
<tag>
</tag>
<suite>
<stat pass="2" fail="0" skip="0" id="s1" name="Demo1 Orangehrm Suite">Demo1 Orangehrm Suite</stat>
</suite>
</statistics>
<errors>
</errors>
</robot>
